This is XeTeX, Version 3.141592653-2.6-0.999994 (TeX Live 2022) (preloaded format=xelatex 2022.4.12)  30 OCT 2022 11:25
entering extended mode
 restricted \write18 enabled.
 %&-line parsing enabled.
**1.-InstallingR_RStudio.tex
(./1.-InstallingR_RStudio.tex
LaTeX2e <2021-11-15> patch level 1
L3 programming layer <2022-02-24> (/usr/local/texlive/2022/texmf-dist/tex/latex
/tufte-latex/tufte-handout.cls
Document Class: tufte-handout 2015/06/21 v3.5.2 Tufte-handout class
(/usr/local/texlive/2022/texmf-dist/tex/latex/tufte-latex/tufte-common.def
File: tufte-common.def 2015/06/21 v3.5.2 Common code for the Tufte-LaTeX styles

(/usr/local/texlive/2022/texmf-dist/tex/latex/xkeyval/xkeyval.sty
Package: xkeyval 2020/11/20 v2.8 package option processing (HA)
(/usr/local/texlive/2022/texmf-dist/tex/generic/xkeyval/xkeyval.tex (/usr/local
/texlive/2022/texmf-dist/tex/generic/xkeyval/xkvutils.tex
\XKV@toks=\toks16
\XKV@tempa@toks=\toks17
(/usr/local/texlive/2022/texmf-dist/tex/generic/xkeyval/keyval.tex))
\XKV@depth=\count181
File: xkeyval.tex 2014/12/03 v2.7a key=value parser (HA)
)) (/usr/local/texlive/2022/texmf-dist/tex/latex/xifthen/xifthen.sty
Package: xifthen 2015/11/05 v1.4.0 Extended ifthen features
(/usr/local/texlive/2022/texmf-dist/tex/latex/tools/calc.sty
Package: calc 2017/05/25 v4.3 Infix arithmetic (KKT,FJ)
\calc@Acount=\count182
\calc@Bcount=\count183
\calc@Adimen=\dimen138
\calc@Bdimen=\dimen139
\calc@Askip=\skip47
\calc@Bskip=\skip48
LaTeX Info: Redefining \setlength on input line 80.
LaTeX Info: Redefining \addtolength on input line 81.
\calc@Ccount=\count184
\calc@Cskip=\skip49
) (/usr/local/texlive/2022/texmf-dist/tex/latex/base/ifthen.sty
Package: ifthen 2020/11/24 v1.1c Standard LaTeX ifthen package (DPC)
) (/usr/local/texlive/2022/texmf-dist/tex/latex/ifmtarg/ifmtarg.sty
Package: ifmtarg 2018/04/16 v1.2b check for an empty argument
)) (/usr/local/texlive/2022/texmf-dist/tex/latex/hardwrap/hardwrap.sty
Package: hardwrap 2011/02/12 v0.2 Hard wrap messages
(/usr/local/texlive/2022/texmf-dist/tex/latex/ifplatform/ifplatform.sty
Package: ifplatform 2017/10/13 v0.4a Testing for the operating system
(/usr/local/texlive/2022/texmf-dist/tex/latex/tools/shellesc.sty
Package: shellesc 2019/11/08 v1.0c unified shell escape interface for LaTeX
Package shellesc Info: Restricted shell escape enabled on input line 77.
) (/usr/local/texlive/2022/texmf-dist/tex/generic/pdftexcmds/pdftexcmds.sty
Package: pdftexcmds 2020-06-27 v0.33 Utility functions of pdfTeX for LuaTeX (HO
)
(/usr/local/texlive/2022/texmf-dist/tex/generic/infwarerr/infwarerr.sty
Package: infwarerr 2019/12/03 v1.5 Providing info/warning/error messages (HO)
) (/usr/local/texlive/2022/texmf-dist/tex/generic/iftex/iftex.sty
Package: iftex 2022/02/03 v1.0f TeX engine tests
) (/usr/local/texlive/2022/texmf-dist/tex/generic/ltxcmds/ltxcmds.sty
Package: ltxcmds 2020-05-10 v1.25 LaTeX kernel commands for general use (HO)
)
Package pdftexcmds Info: \pdf@primitive is available.
Package pdftexcmds Info: \pdf@ifprimitive is available.
Package pdftexcmds Info: \pdfdraftmode not found.
) (/usr/local/texlive/2022/texmf-dist/tex/generic/catchfile/catchfile.sty
Package: catchfile 2019/12/09 v1.8 Catch the contents of a file (HO)
(/usr/local/texlive/2022/texmf-dist/tex/generic/etexcmds/etexcmds.sty
Package: etexcmds 2019/12/15 v1.7 Avoid name clashes with e-TeX commands (HO)
)) (/usr/local/texlive/2022/texmf-dist/tex/generic/iftex/ifluatex.sty
Package: ifluatex 2019/10/25 v1.5 ifluatex legacy package. Use iftex instead.
)

Package ifplatform Warning: 
    shell escape is disabled, so I can only detect \ifwindows.

) (/usr/local/texlive/2022/texmf-dist/tex/generic/iftex/ifxetex.sty
Package: ifxetex 2019/10/25 v0.7 ifxetex legacy package. Use iftex instead.
)
\hw@charcount=\count185
\hw@wordcount=\count186
\hw@maxprintline=\count187
)
Class tufte-handout Info: Loading the base class `article'
(/usr/local/texlive/2022/texmf-dist/tex/latex/base/article.cls
Document Class: article 2021/10/04 v1.4n Standard LaTeX document class
(/usr/local/texlive/2022/texmf-dist/tex/latex/base/size10.clo
File: size10.clo 2021/10/04 v1.4n Standard LaTeX file (size option)
)
\c@part=\count188
\c@section=\count189
\c@subsection=\count190
\c@subsubsection=\count191
\c@paragraph=\count192
\c@subparagraph=\count193
\c@figure=\count194
\c@table=\count195
\abovecaptionskip=\skip50
\belowcaptionskip=\skip51
\bibindent=\dimen140
) (/usr/local/texlive/2022/texmf-dist/tex/generic/iftex/ifpdf.sty
Package: ifpdf 2019/10/25 v3.4 ifpdf legacy package. Use iftex instead.
) (/usr/local/texlive/2022/texmf-dist/tex/xelatex/xltxtra/xltxtra.sty
Package: xltxtra 2018/12/31 v0.7 Improvements for the "XeLaTeX" format
(/usr/local/texlive/2022/texmf-dist/tex/latex/fontspec/fontspec.sty (/usr/local
/texlive/2022/texmf-dist/tex/latex/l3packages/xparse/xparse.sty (/usr/local/tex
live/2022/texmf-dist/tex/latex/l3kernel/expl3.sty
Package: expl3 2022-02-24 L3 programming layer (loader) 
(/usr/local/texlive/2022/texmf-dist/tex/latex/l3backend/l3backend-xetex.def
File: l3backend-xetex.def 2022-02-07 L3 backend support: XeTeX
(|extractbb --version)
\c__kernel_sys_dvipdfmx_version_int=\count196
\l__color_backend_stack_int=\count197
\g__color_backend_stack_int=\count198
\g__graphics_track_int=\count199
\l__pdf_internal_box=\box50
\g__pdf_backend_object_int=\count266
\g__pdf_backend_annotation_int=\count267
\g__pdf_backend_link_int=\count268
))
Package: xparse 2022-01-12 L3 Experimental document command parser
)
Package: fontspec 2022/01/15 v2.8a Font selection for XeLaTeX and LuaLaTeX
(/usr/local/texlive/2022/texmf-dist/tex/latex/fontspec/fontspec-xetex.sty
Package: fontspec-xetex 2022/01/15 v2.8a Font selection for XeLaTeX and LuaLaTe
X
\l__fontspec_script_int=\count269
\l__fontspec_language_int=\count270
\l__fontspec_strnum_int=\count271
\l__fontspec_tmp_int=\count272
\l__fontspec_tmpa_int=\count273
\l__fontspec_tmpb_int=\count274
\l__fontspec_tmpc_int=\count275
\l__fontspec_em_int=\count276
\l__fontspec_emdef_int=\count277
\l__fontspec_strong_int=\count278
\l__fontspec_strongdef_int=\count279
\l__fontspec_tmpa_dim=\dimen141
\l__fontspec_tmpb_dim=\dimen142
\l__fontspec_tmpc_dim=\dimen143
(/usr/local/texlive/2022/texmf-dist/tex/latex/base/fontenc.sty
Package: fontenc 2021/04/29 v2.0v Standard LaTeX package
) (/usr/local/texlive/2022/texmf-dist/tex/latex/fontspec/fontspec.cfg))) (/usr/
local/texlive/2022/texmf-dist/tex/latex/realscripts/realscripts.sty
Package: realscripts 2016/02/13 v0.3d Access OpenType subscripts and superscrip
ts
\subsupersep=\dimen144
) (/usr/local/texlive/2022/texmf-dist/tex/latex/metalogo/metalogo.sty
Package: metalogo 2010/05/29 v0.12 Extended TeX logo macros
(/usr/local/texlive/2022/texmf-dist/tex/latex/graphics/graphicx.sty
Package: graphicx 2021/09/16 v1.2d Enhanced LaTeX Graphics (DPC,SPQR)
(/usr/local/texlive/2022/texmf-dist/tex/latex/graphics/graphics.sty
Package: graphics 2021/03/04 v1.4d Standard LaTeX Graphics (DPC,SPQR)
(/usr/local/texlive/2022/texmf-dist/tex/latex/graphics/trig.sty
Package: trig 2021/08/11 v1.11 sin cos tan (DPC)
) (/usr/local/texlive/2022/texmf-dist/tex/latex/graphics-cfg/graphics.cfg
File: graphics.cfg 2016/06/04 v1.11 sample graphics configuration
)
Package graphics Info: Driver file: xetex.def on input line 107.
(/usr/local/texlive/2022/texmf-dist/tex/latex/graphics-def/xetex.def
File: xetex.def 2021/03/18 v5.0k Graphics/color driver for xetex
))
\Gin@req@height=\dimen145
\Gin@req@width=\dimen146
)
\xl@everylogo=\toks18
\xl@@everylogo=\toks19
LaTeX Info: Redefining \TeX on input line 193.
LaTeX Info: Redefining \LaTeX on input line 202.
LaTeX Info: Redefining \LaTeXe on input line 219.
)
\l__xetex_show_hyphens_wrapping_box=\box51
\l__xetex_show_hyphens_temp_box=\box52
\l__xetex_show_hyphens_final_box=\box53
\g__xetex_show_hyphens_word_box=\box54
) (/usr/local/texlive/2022/texmf-dist/tex/latex/titlesec/titlesec.sty
Package: titlesec 2021/07/05 v2.14 Sectioning titles
\ttl@box=\box55
\beforetitleunit=\skip52
\aftertitleunit=\skip53
\ttl@plus=\dimen147
\ttl@minus=\dimen148
\ttl@toksa=\toks20
\titlewidth=\dimen149
\titlewidthlast=\dimen150
\titlewidthfirst=\dimen151
) (/usr/local/texlive/2022/texmf-dist/tex/latex/titlesec/titletoc.sty
Package: titletoc 2021/07/05 v2.14 TOC entries
\ttl@leftsep=\dimen152
) (/usr/local/texlive/2022/texmf-dist/tex/latex/hyperref/hyperref.sty
Package: hyperref 2022-02-21 v7.00n Hypertext links for LaTeX
(/usr/local/texlive/2022/texmf-dist/tex/generic/kvsetkeys/kvsetkeys.sty
Package: kvsetkeys 2019/12/15 v1.18 Key value parser (HO)
) (/usr/local/texlive/2022/texmf-dist/tex/generic/kvdefinekeys/kvdefinekeys.sty
Package: kvdefinekeys 2019-12-19 v1.6 Define keys (HO)
) (/usr/local/texlive/2022/texmf-dist/tex/generic/pdfescape/pdfescape.sty
Package: pdfescape 2019/12/09 v1.15 Implements pdfTeX's escape features (HO)
) (/usr/local/texlive/2022/texmf-dist/tex/latex/hycolor/hycolor.sty
Package: hycolor 2020-01-27 v1.10 Color options for hyperref/bookmark (HO)
) (/usr/local/texlive/2022/texmf-dist/tex/latex/letltxmacro/letltxmacro.sty
Package: letltxmacro 2019/12/03 v1.6 Let assignment for LaTeX macros (HO)
) (/usr/local/texlive/2022/texmf-dist/tex/latex/auxhook/auxhook.sty
Package: auxhook 2019-12-17 v1.6 Hooks for auxiliary files (HO)
) (/usr/local/texlive/2022/texmf-dist/tex/latex/kvoptions/kvoptions.sty
Package: kvoptions 2020-10-07 v3.14 Key value format for package options (HO)
)
\@linkdim=\dimen153
\Hy@linkcounter=\count280
\Hy@pagecounter=\count281
(/usr/local/texlive/2022/texmf-dist/tex/latex/hyperref/pd1enc.def
File: pd1enc.def 2022-02-21 v7.00n Hyperref: PDFDocEncoding definition (HO)
) (/usr/local/texlive/2022/texmf-dist/tex/generic/intcalc/intcalc.sty
Package: intcalc 2019/12/15 v1.3 Expandable calculations with integers (HO)
)
\Hy@SavedSpaceFactor=\count282
(/usr/local/texlive/2022/texmf-dist/tex/latex/hyperref/puenc.def
File: puenc.def 2022-02-21 v7.00n Hyperref: PDF Unicode definition (HO)
)
Package hyperref Info: Option `unicode' set `true' on input line 4018.
Package hyperref Info: Option `hyperfootnotes' set `false' on input line 4018.
Package hyperref Info: Hyper figures OFF on input line 4137.
Package hyperref Info: Link nesting OFF on input line 4142.
Package hyperref Info: Hyper index ON on input line 4145.
Package hyperref Info: Plain pages OFF on input line 4152.
Package hyperref Info: Backreferencing OFF on input line 4157.
Package hyperref Info: Implicit mode ON; LaTeX internals redefined.
Package hyperref Info: Bookmarks ON on input line 4390.
\c@Hy@tempcnt=\count283
(/usr/local/texlive/2022/texmf-dist/tex/latex/url/url.sty
\Urlmuskip=\muskip16
Package: url 2013/09/16  ver 3.4  Verb mode for urls, etc.
)
LaTeX Info: Redefining \url on input line 4749.
\XeTeXLinkMargin=\dimen154
(/usr/local/texlive/2022/texmf-dist/tex/generic/bitset/bitset.sty
Package: bitset 2019/12/09 v1.3 Handle bit-vector datatype (HO)
(/usr/local/texlive/2022/texmf-dist/tex/generic/bigintcalc/bigintcalc.sty
Package: bigintcalc 2019/12/15 v1.5 Expandable calculations on big integers (HO
)
))
\Fld@menulength=\count284
\Field@Width=\dimen155
\Fld@charsize=\dimen156
Package hyperref Info: Hyper figures OFF on input line 6027.
Package hyperref Info: Link nesting OFF on input line 6032.
Package hyperref Info: Hyper index ON on input line 6035.
Package hyperref Info: backreferencing OFF on input line 6042.
Package hyperref Info: Link coloring OFF on input line 6047.
Package hyperref Info: Link coloring with OCG OFF on input line 6052.
Package hyperref Info: PDF/A mode OFF on input line 6057.
LaTeX Info: Redefining \ref on input line 6097.
LaTeX Info: Redefining \pageref on input line 6101.
(/usr/local/texlive/2022/texmf-dist/tex/latex/base/atbegshi-ltx.sty
Package: atbegshi-ltx 2021/01/10 v1.0c Emulation of the original atbegshi
package with kernel methods
)
\Hy@abspage=\count285
\c@Item=\count286
)
Package hyperref Info: Driver: hxetex.
(/usr/local/texlive/2022/texmf-dist/tex/latex/hyperref/hxetex.def
File: hxetex.def 2022-02-21 v7.00n Hyperref driver for XeTeX
(/usr/local/texlive/2022/texmf-dist/tex/generic/stringenc/stringenc.sty
Package: stringenc 2019/11/29 v1.12 Convert strings between diff. encodings (HO
)
)
\pdfm@box=\box56
\c@Hy@AnnotLevel=\count287
\HyField@AnnotCount=\count288
\Fld@listcount=\count289
\c@bookmark@seq@number=\count290

(/usr/local/texlive/2022/texmf-dist/tex/latex/rerunfilecheck/rerunfilecheck.sty
Package: rerunfilecheck 2019/12/05 v1.9 Rerun checks for auxiliary files (HO)
(/usr/local/texlive/2022/texmf-dist/tex/latex/base/atveryend-ltx.sty
Package: atveryend-ltx 2020/08/19 v1.0a Emulation of the original atveryend pac
kage
with kernel methods
)
(/usr/local/texlive/2022/texmf-dist/tex/generic/uniquecounter/uniquecounter.sty
Package: uniquecounter 2019/12/15 v1.4 Provide unlimited unique counter (HO)
)
Package uniquecounter Info: New unique counter `rerunfilecheck' on input line 2
86.
)
\Hy@SectionHShift=\skip54
) (/usr/local/texlive/2022/texmf-dist/tex/latex/ragged2e/ragged2e.sty
Package: ragged2e 2021/12/15 v3.1 ragged2e Package
\CenteringLeftskip=\skip55
\RaggedLeftLeftskip=\skip56
\RaggedRightLeftskip=\skip57
\CenteringRightskip=\skip58
\RaggedLeftRightskip=\skip59
\RaggedRightRightskip=\skip60
\CenteringParfillskip=\skip61
\RaggedLeftParfillskip=\skip62
\RaggedRightParfillskip=\skip63
\JustifyingParfillskip=\skip64
\CenteringParindent=\skip65
\RaggedLeftParindent=\skip66
\RaggedRightParindent=\skip67
\JustifyingParindent=\skip68
) (/usr/local/texlive/2022/texmf-dist/tex/latex/geometry/geometry.sty
Package: geometry 2020/01/02 v5.9 Page Geometry
(/usr/local/texlive/2022/texmf-dist/tex/generic/iftex/ifvtex.sty
Package: ifvtex 2019/10/25 v1.7 ifvtex legacy package. Use iftex instead.
)
\Gm@cnth=\count291
\Gm@cntv=\count292
\c@Gm@tempcnt=\count293
\Gm@bindingoffset=\dimen157
\Gm@wd@mp=\dimen158
\Gm@odd@mp=\dimen159
\Gm@even@mp=\dimen160
\Gm@layoutwidth=\dimen161
\Gm@layoutheight=\dimen162
\Gm@layouthoffset=\dimen163
\Gm@layoutvoffset=\dimen164
\Gm@dimlist=\toks21
) (/usr/local/texlive/2022/texmf-dist/tex/latex/changepage/changepage.sty
Package: changepage 2009/10/20 v1.0c check page and change page layout
\c@cp@cntr=\count294
\cp@tempcnt=\count295
)
\@tufte@overhang=\skip69
\@tufte@fullwidth=\skip70
\@tufte@caption@fill=\skip71
(/usr/local/texlive/2022/texmf-dist/tex/latex/paralist/paralist.sty
Package: paralist 2017/01/22 v2.7 Extended list environments
\pltopsep=\skip72
\plpartopsep=\skip73
\plitemsep=\skip74
\plparsep=\skip75
\pl@lab=\toks22
) (/usr/local/texlive/2022/texmf-dist/tex/latex/textcase/textcase.sty
Package: textcase 2019/09/14 v1.00 Text only upper/lower case changing (DPC)
) (/usr/local/texlive/2022/texmf-dist/tex/generic/soul/soul.sty
Package: soul 2003/11/17 v2.4 letterspacing/underlining (mf)
\SOUL@word=\toks23
\SOUL@lasttoken=\toks24
\SOUL@cmds=\toks25
\SOUL@buffer=\toks26
\SOUL@token=\toks27
\SOUL@spaceskip=\skip76
\SOUL@ttwidth=\dimen165
\SOUL@uldp=\dimen166
\SOUL@ulht=\dimen167
)
LaTeX Info: Redefining \allcapsspacing on input line 737.
LaTeX Info: Redefining \smallcapsspacing on input line 737.
(/usr/local/texlive/2022/texmf-dist/tex/latex/setspace/setspace.sty
Package: setspace 2011/12/19 v6.7a set line spacing
) (/usr/local/texlive/2022/texmf-dist/tex/latex/xcolor/xcolor.sty
Package: xcolor 2021/10/31 v2.13 LaTeX color extensions (UK)
(/usr/local/texlive/2022/texmf-dist/tex/latex/graphics-cfg/color.cfg
File: color.cfg 2016/01/02 v1.6 sample color configuration
)
Package xcolor Info: Package option `usenames' ignored on input line 218.
Package xcolor Info: Driver file: xetex.def on input line 227.
Package xcolor Info: Model `cmy' substituted by `cmy0' on input line 1352.
Package xcolor Info: Model `RGB' extended on input line 1368.
Package xcolor Info: Model `HTML' substituted by `rgb' on input line 1370.
Package xcolor Info: Model `Hsb' substituted by `hsb' on input line 1371.
Package xcolor Info: Model `tHsb' substituted by `hsb' on input line 1372.
Package xcolor Info: Model `HSB' substituted by `hsb' on input line 1373.
Package xcolor Info: Model `Gray' substituted by `gray' on input line 1374.
Package xcolor Info: Model `wave' substituted by `hsb' on input line 1375.
(/usr/local/texlive/2022/texmf-dist/tex/latex/graphics/dvipsnam.def
File: dvipsnam.def 2016/06/17 v3.0m Driver-dependent file (DPC,SPQR)
) (/usr/local/texlive/2022/texmf-dist/tex/latex/xcolor/svgnam.def
File: svgnam.def 2021/10/31 v2.13 Predefined colors according to SVG 1.1 (UK)
)) (/usr/local/texlive/2022/texmf-dist/tex/latex/natbib/natbib.sty
Package: natbib 2010/09/13 8.31b (PWD, AO)
\bibhang=\skip77
\bibsep=\skip78
LaTeX Info: Redefining \cite on input line 694.
\c@NAT@ctr=\count296
) (/usr/local/texlive/2022/texmf-dist/tex/latex/natbib/bibentry.sty
Package: bibentry 2007/10/30 1.5 (PWD)
) (./1.-InstallingR_RStudio.bbl)
\c@@tufte@num@bibkeys=\count297
(/usr/local/texlive/2022/texmf-dist/tex/latex/sauerj/optparams.sty
Package: optparams 2004/08/14 v0.9 multiple optional parameters in macros
)
\@tufte@sidenote@vertical@offset=\skip79
(/usr/local/texlive/2022/texmf-dist/tex/latex/placeins/placeins.sty
Package: placeins 2005/04/18  v 2.2
)
\@tufte@margin@floatbox=\box57
\@tufte@figure@box=\box58
\@tufte@caption@box=\box59
\@tufte@caption@vertical@offset=\skip80
\@tufte@float@contents@width=\skip81
(/usr/local/texlive/2022/texmf-dist/tex/latex/fancyhdr/fancyhdr.sty
Package: fancyhdr 2021/01/28 v4.0.1 Extensive control of page headers and foote
rs
\f@nch@headwidth=\skip82
\f@nch@O@elh=\skip83
\f@nch@O@erh=\skip84
\f@nch@O@olh=\skip85
\f@nch@O@orh=\skip86
\f@nch@O@elf=\skip87
\f@nch@O@erf=\skip88
\f@nch@O@olf=\skip89
\f@nch@O@orf=\skip90
)
\tufteskipamount=\skip91
(/usr/local/texlive/2022/texmf-dist/tex/latex/tools/multicol.sty
Package: multicol 2021/10/28 v1.9b multicolumn formatting (FMi)
\c@tracingmulticols=\count298
\mult@box=\box60
\multicol@leftmargin=\dimen168
\c@unbalance=\count299
\c@collectmore=\count300
\doublecol@number=\count301
\multicoltolerance=\count302
\multicolpretolerance=\count303
\full@width=\dimen169
\page@free=\dimen170
\premulticols=\dimen171
\postmulticols=\dimen172
\multicolsep=\skip92
\multicolbaselineskip=\skip93
\partial@page=\box61
\last@line=\box62
\maxbalancingoverflow=\dimen173
\mult@rightbox=\box63
\mult@grightbox=\box64
\mult@firstbox=\box65
\mult@gfirstbox=\box66
\@tempa=\box67
\@tempa=\box68
\@tempa=\box69
\@tempa=\box70
\@tempa=\box71
\@tempa=\box72
\@tempa=\box73
\@tempa=\box74
\@tempa=\box75
\@tempa=\box76
\@tempa=\box77
\@tempa=\box78
\@tempa=\box79
\@tempa=\box80
\@tempa=\box81
\@tempa=\box82
\@tempa=\box83
\@tempa=\box84
\@tempa=\box85
\@tempa=\box86
\@tempa=\box87
\@tempa=\box88
\@tempa=\box89
\@tempa=\box90
\@tempa=\box91
\@tempa=\box92
\@tempa=\box93
\@tempa=\box94
\@tempa=\box95
\@tempa=\box96
\@tempa=\box97
\@tempa=\box98
\@tempa=\box99
\@tempa=\box100
\@tempa=\box101
\@tempa=\box102
\c@minrows=\count304
\c@columnbadness=\count305
\c@finalcolumnbadness=\count306
\last@try=\dimen174
\multicolovershoot=\dimen175
\multicolundershoot=\dimen176
\mult@nat@firstbox=\box103
\colbreak@box=\box104
\mc@col@check@num=\count307
))) (/usr/local/texlive/2022/texmf-dist/tex/latex/amsfonts/amssymb.sty
Package: amssymb 2013/01/14 v3.01 AMS font symbols
(/usr/local/texlive/2022/texmf-dist/tex/latex/amsfonts/amsfonts.sty
Package: amsfonts 2013/01/14 v3.01 Basic AMSFonts support
\@emptytoks=\toks28
\symAMSa=\mathgroup4
\symAMSb=\mathgroup5
LaTeX Font Info:    Redeclaring math symbol \hbar on input line 98.
LaTeX Font Info:    Overwriting math alphabet `\mathfrak' in version `bold'
(Font)                  U/euf/m/n --> U/euf/b/n on input line 106.
)) (/usr/local/texlive/2022/texmf-dist/tex/latex/amsmath/amsmath.sty
Package: amsmath 2021/10/15 v2.17l AMS math features
\@mathmargin=\skip94
For additional information on amsmath, use the `?' option.
(/usr/local/texlive/2022/texmf-dist/tex/latex/amsmath/amstext.sty
Package: amstext 2021/08/26 v2.01 AMS text
(/usr/local/texlive/2022/texmf-dist/tex/latex/amsmath/amsgen.sty
File: amsgen.sty 1999/11/30 v2.0 generic functions
\@emptytoks=\toks29
\ex@=\dimen177
)) (/usr/local/texlive/2022/texmf-dist/tex/latex/amsmath/amsbsy.sty
Package: amsbsy 1999/11/29 v1.2d Bold Symbols
\pmbraise@=\dimen178
) (/usr/local/texlive/2022/texmf-dist/tex/latex/amsmath/amsopn.sty
Package: amsopn 2021/08/26 v2.02 operator names
)
\inf@bad=\count308
LaTeX Info: Redefining \frac on input line 234.
\uproot@=\count309
\leftroot@=\count310
LaTeX Info: Redefining \overline on input line 399.
\classnum@=\count311
\DOTSCASE@=\count312
LaTeX Info: Redefining \ldots on input line 496.
LaTeX Info: Redefining \dots on input line 499.
LaTeX Info: Redefining \cdots on input line 620.
\Mathstrutbox@=\box105
\strutbox@=\box106
\big@size=\dimen179
LaTeX Font Info:    Redeclaring font encoding OML on input line 743.
LaTeX Font Info:    Redeclaring font encoding OMS on input line 744.
\macc@depth=\count313
\c@MaxMatrixCols=\count314
\dotsspace@=\muskip17
\c@parentequation=\count315
\dspbrk@lvl=\count316
\tag@help=\toks30
\row@=\count317
\column@=\count318
\maxfields@=\count319
\andhelp@=\toks31
\eqnshift@=\dimen180
\alignsep@=\dimen181
\tagshift@=\dimen182
\tagwidth@=\dimen183
\totwidth@=\dimen184
\lineht@=\dimen185
\@envbody=\toks32
\multlinegap=\skip95
\multlinetaggap=\skip96
\mathdisplay@stack=\toks33
LaTeX Info: Redefining \[ on input line 2938.
LaTeX Info: Redefining \] on input line 2939.
) (/usr/local/texlive/2022/texmf-dist/tex/latex/base/fixltx2e.sty
Package: fixltx2e 2016/12/29 v2.1a fixes to LaTeX (obsolete)
Applying: [2015/01/01] Old fixltx2e package on input line 46.

Package fixltx2e Warning: fixltx2e is not required with releases after 2015
(fixltx2e)                All fixes are now in the LaTeX kernel.
(fixltx2e)                See the latexrelease package for details.

Already applied: [0000/00/00] Old fixltx2e package on input line 53.
) (/usr/local/texlive/2022/texmf-dist/tex/latex/booktabs/booktabs.sty
Package: booktabs 2020/01/12 v1.61803398 Publication quality tables
\heavyrulewidth=\dimen186
\lightrulewidth=\dimen187
\cmidrulewidth=\dimen188
\belowrulesep=\dimen189
\belowbottomsep=\dimen190
\aboverulesep=\dimen191
\abovetopsep=\dimen192
\cmidrulesep=\dimen193
\cmidrulekern=\dimen194
\defaultaddspace=\dimen195
\@cmidla=\count320
\@cmidlb=\count321
\@aboverulesep=\dimen196
\@belowrulesep=\dimen197
\@thisruleclass=\count322
\@lastruleclass=\count323
\@thisrulewidth=\dimen198
) (/usr/local/texlive/2022/texmf-dist/tex/latex/units/units.sty
Package: units 1998/08/04 v0.9b Typesetting units
(/usr/local/texlive/2022/texmf-dist/tex/latex/units/nicefrac.sty
Package: nicefrac 1998/08/04 v0.9b Nice fractions
\L@UnitsRaiseDisplaystyle=\skip97
\L@UnitsRaiseTextstyle=\skip98
\L@UnitsRaiseScriptstyle=\skip99
)) (/usr/local/texlive/2022/texmf-dist/tex/latex/fancyvrb/fancyvrb.sty
Package: fancyvrb 2021/12/21 4.1b verbatim text (tvz,hv)
\FV@CodeLineNo=\count324
\FV@InFile=\read2
\FV@TabBox=\box107
\c@FancyVerbLine=\count325
\FV@StepNumber=\count326
\FV@OutFile=\write3
) (/usr/local/texlive/2022/texmf-dist/tex/latex/framed/framed.sty
Package: framed 2011/10/22 v 0.96: framed or shaded text with page breaks
\OuterFrameSep=\skip100
\fb@frw=\dimen199
\fb@frh=\dimen256
\FrameRule=\dimen257
\FrameSep=\dimen258
) (/usr/local/texlive/2022/texmf-dist/tex/latex/tools/longtable.sty
Package: longtable 2021-09-01 v4.17 Multi-page Table package (DPC)
\LTleft=\skip101
\LTright=\skip102
\LTpre=\skip103
\LTpost=\skip104
\LTchunksize=\count327
\LTcapwidth=\dimen259
\LT@head=\box108
\LT@firsthead=\box109
\LT@foot=\box110
\LT@lastfoot=\box111
\LT@gbox=\box112
\LT@cols=\count328
\LT@rows=\count329
\c@LT@tables=\count330
\c@LT@chunks=\count331
\LT@p@ftn=\toks34
) (/usr/local/texlive/2022/texmf-dist/tex/generic/ulem/ulem.sty
\UL@box=\box113
\UL@hyphenbox=\box114
\UL@skip=\skip105
\UL@hook=\toks35
\UL@height=\dimen260
\UL@pe=\count332
\UL@pixel=\dimen261
\ULC@box=\box115
Package: ulem 2019/11/18
\ULdepth=\dimen262
) (/usr/local/texlive/2022/texmf-dist/tex/latex/morefloats/morefloats.sty
Package: morefloats 2015/07/22 v1.0h Raise limit of unprocessed floats (HMM)
Package morefloats Info: Maximum number of possible floats asked for: 36
(morefloats)             (i.e. 18 more floats).
(morefloats)             LaTeX might run out of memory before this
(morefloats)             (in which case it will notify you).
) (/usr/local/texlive/2022/texmf-dist/tex/latex/roboto/roboto.sty
Package: roboto 2019/12/11 (Bob Tennent) Supports Roboto fonts for all LaTeX en
gines.
(/usr/local/texlive/2022/texmf-dist/tex/latex/base/textcomp.sty
Package: textcomp 2020/02/02 v2.0n Standard LaTeX package
)
Requested font "[RobotoCondensed-Regular.otf]/OT" at 9.99997pt
 -> /usr/local/texlive/2022/texmf-dist/fonts/opentype/google/roboto/RobotoConde
nsed-Regular.otf
Requested font "[RobotoCondensed-Regular.otf]/OT" at 10.00003pt
 -> /usr/local/texlive/2022/texmf-dist/fonts/opentype/google/roboto/RobotoConde
nsed-Regular.otf
Requested font "[RobotoCondensed-Regular.otf]/OT:script=latn;language=dflt;" at
 10.00003pt
 -> /usr/local/texlive/2022/texmf-dist/fonts/opentype/google/roboto/RobotoConde
nsed-Regular.otf
Requested font "[RobotoCondensed-Bold.otf]/OT:script=latn;language=dflt;" at 10
.00003pt
 -> /usr/local/texlive/2022/texmf-dist/fonts/opentype/google/roboto/RobotoConde
nsed-Bold.otf
Requested font "[RobotoCondensed-Italic.otf]/OT:script=latn;language=dflt;" at 
10.00003pt
 -> /usr/local/texlive/2022/texmf-dist/fonts/opentype/google/roboto/RobotoConde
nsed-Italic.otf
Requested font "[RobotoCondensed-BoldItalic.otf]/OT:script=latn;language=dflt;"
 at 10.00003pt
 -> /usr/local/texlive/2022/texmf-dist/fonts/opentype/google/roboto/RobotoConde
nsed-BoldItalic.otf

Package fontspec Info: Font family 'RobotoCondensed(0)' created for font
(fontspec)             'RobotoCondensed' with options [Ligatures = TeX,Scale =
(fontspec)             1,Extension = .otf,Ligatures=TeX,Numbers =
(fontspec)             {Proportional,Lining},UprightFont =
(fontspec)             *-Regular,ItalicFont = *-Italic,BoldFont =
(fontspec)             *-Bold,BoldItalicFont = *-BoldItalic].
(fontspec)              
(fontspec)              This font family consists of the following NFSS
(fontspec)             series/shapes:
(fontspec)              
(fontspec)             - 'normal' (m/n) with NFSS spec.:
(fontspec)             <->s*[1]"[RobotoCondensed-Regular.otf]/OT:script=latn;la
nguage=dflt;+pnum;+lnum;mapping=tex-text;"
(fontspec)             - 'small caps'  (m/sc) with NFSS spec.:
(fontspec)             <->s*[1]"[RobotoCondensed-Regular.otf]/OT:script=latn;la
nguage=dflt;+pnum;+lnum;+smcp;mapping=tex-text;"
(fontspec)             - 'bold' (b/n) with NFSS spec.:
(fontspec)             <->s*[1]"[RobotoCondensed-Bold.otf]/OT:script=latn;langu
age=dflt;+pnum;+lnum;mapping=tex-text;"
(fontspec)             - 'bold small caps'  (b/sc) with NFSS spec.:
(fontspec)             <->s*[1]"[RobotoCondensed-Bold.otf]/OT:script=latn;langu
age=dflt;+pnum;+lnum;+smcp;mapping=tex-text;"
(fontspec)             - 'italic' (m/it) with NFSS spec.:
(fontspec)             <->s*[1]"[RobotoCondensed-Italic.otf]/OT:script=latn;lan
guage=dflt;+pnum;+lnum;mapping=tex-text;"
(fontspec)             - 'italic small caps'  (m/scit) with NFSS spec.:
(fontspec)             <->s*[1]"[RobotoCondensed-Italic.otf]/OT:script=latn;lan
guage=dflt;+pnum;+lnum;+smcp;mapping=tex-text;"
(fontspec)             - 'bold italic' (b/it) with NFSS spec.:
(fontspec)             <->s*[1]"[RobotoCondensed-BoldItalic.otf]/OT:script=latn
;language=dflt;+pnum;+lnum;mapping=tex-text;"
(fontspec)             - 'bold italic small caps'  (b/scit) with NFSS spec.:
(fontspec)             <->s*[1]"[RobotoCondensed-BoldItalic.otf]/OT:script=latn
;language=dflt;+pnum;+lnum;+smcp;mapping=tex-text;"

Requested font "[Roboto-Regular.otf]/OT" at 9.99997pt
 -> /usr/local/texlive/2022/texmf-dist/fonts/opentype/google/roboto/Roboto-Regu
lar.otf
Requested font "[Roboto-Regular.otf]/OT" at 10.00003pt
 -> /usr/local/texlive/2022/texmf-dist/fonts/opentype/google/roboto/Roboto-Regu
lar.otf
Requested font "[Roboto-Regular.otf]/OT:script=latn;language=dflt;" at 10.00003
pt
 -> /usr/local/texlive/2022/texmf-dist/fonts/opentype/google/roboto/Roboto-Regu
lar.otf
Requested font "[Roboto-Bold.otf]/OT:script=latn;language=dflt;" at 10.00003pt
 -> /usr/local/texlive/2022/texmf-dist/fonts/opentype/google/roboto/Roboto-Bold
.otf
Requested font "[Roboto-Italic.otf]/OT:script=latn;language=dflt;" at 10.00003p
t
 -> /usr/local/texlive/2022/texmf-dist/fonts/opentype/google/roboto/Roboto-Ital
ic.otf
Requested font "[Roboto-BoldItalic.otf]/OT:script=latn;language=dflt;" at 10.00
003pt
 -> /usr/local/texlive/2022/texmf-dist/fonts/opentype/google/roboto/Roboto-Bold
Italic.otf

Package fontspec Info: Font family 'Roboto(0)' created for font 'Roboto' with
(fontspec)             options [Ligatures = TeX,Scale = 1,Extension =
(fontspec)             .otf,Numbers = {Proportional,Lining},UprightFont =
(fontspec)             *-Regular,ItalicFont = *-Italic,BoldFont =
(fontspec)             *-Bold,BoldItalicFont = *-BoldItalic].
(fontspec)              
(fontspec)              This font family consists of the following NFSS
(fontspec)             series/shapes:
(fontspec)              
(fontspec)             - 'normal' (m/n) with NFSS spec.:
(fontspec)             <->s*[1]"[Roboto-Regular.otf]/OT:script=latn;language=df
lt;+pnum;+lnum;mapping=tex-text;"
(fontspec)             - 'small caps'  (m/sc) with NFSS spec.:
(fontspec)             <->s*[1]"[Roboto-Regular.otf]/OT:script=latn;language=df
lt;+pnum;+lnum;+smcp;mapping=tex-text;"
(fontspec)             - 'bold' (b/n) with NFSS spec.:
(fontspec)             <->s*[1]"[Roboto-Bold.otf]/OT:script=latn;language=dflt;
+pnum;+lnum;mapping=tex-text;"
(fontspec)             - 'bold small caps'  (b/sc) with NFSS spec.:
(fontspec)             <->s*[1]"[Roboto-Bold.otf]/OT:script=latn;language=dflt;
+pnum;+lnum;+smcp;mapping=tex-text;"
(fontspec)             - 'italic' (m/it) with NFSS spec.:
(fontspec)             <->s*[1]"[Roboto-Italic.otf]/OT:script=latn;language=dfl
t;+pnum;+lnum;mapping=tex-text;"
(fontspec)             - 'italic small caps'  (m/scit) with NFSS spec.:
(fontspec)             <->s*[1]"[Roboto-Italic.otf]/OT:script=latn;language=dfl
t;+pnum;+lnum;+smcp;mapping=tex-text;"
(fontspec)             - 'bold italic' (b/it) with NFSS spec.:
(fontspec)             <->s*[1]"[Roboto-BoldItalic.otf]/OT:script=latn;language
=dflt;+pnum;+lnum;mapping=tex-text;"
(fontspec)             - 'bold italic small caps'  (b/scit) with NFSS spec.:
(fontspec)             <->s*[1]"[Roboto-BoldItalic.otf]/OT:script=latn;language
=dflt;+pnum;+lnum;+smcp;mapping=tex-text;"


Package fontspec Info: Font family 'RobotoCondensed(1)' created for font
(fontspec)             'RobotoCondensed' with options [Ligatures = TeX,Scale =
(fontspec)             1,Extension = .otf,Numbers =
(fontspec)             {Proportional,Lining},UprightFont =
(fontspec)             *-Regular,ItalicFont = *-Italic,BoldFont =
(fontspec)             *-Bold,BoldItalicFont = *-BoldItalic].
(fontspec)              
(fontspec)              This font family consists of the following NFSS
(fontspec)             series/shapes:
(fontspec)              
(fontspec)             - 'normal' (m/n) with NFSS spec.:
(fontspec)             <->s*[1]"[RobotoCondensed-Regular.otf]/OT:script=latn;la
nguage=dflt;+pnum;+lnum;mapping=tex-text;"
(fontspec)             - 'small caps'  (m/sc) with NFSS spec.:
(fontspec)             <->s*[1]"[RobotoCondensed-Regular.otf]/OT:script=latn;la
nguage=dflt;+pnum;+lnum;+smcp;mapping=tex-text;"
(fontspec)             - 'bold' (b/n) with NFSS spec.:
(fontspec)             <->s*[1]"[RobotoCondensed-Bold.otf]/OT:script=latn;langu
age=dflt;+pnum;+lnum;mapping=tex-text;"
(fontspec)             - 'bold small caps'  (b/sc) with NFSS spec.:
(fontspec)             <->s*[1]"[RobotoCondensed-Bold.otf]/OT:script=latn;langu
age=dflt;+pnum;+lnum;+smcp;mapping=tex-text;"
(fontspec)             - 'italic' (m/it) with NFSS spec.:
(fontspec)             <->s*[1]"[RobotoCondensed-Italic.otf]/OT:script=latn;lan
guage=dflt;+pnum;+lnum;mapping=tex-text;"
(fontspec)             - 'italic small caps'  (m/scit) with NFSS spec.:
(fontspec)             <->s*[1]"[RobotoCondensed-Italic.otf]/OT:script=latn;lan
guage=dflt;+pnum;+lnum;+smcp;mapping=tex-text;"
(fontspec)             - 'bold italic' (b/it) with NFSS spec.:
(fontspec)             <->s*[1]"[RobotoCondensed-BoldItalic.otf]/OT:script=latn
;language=dflt;+pnum;+lnum;mapping=tex-text;"
(fontspec)             - 'bold italic small caps'  (b/scit) with NFSS spec.:
(fontspec)             <->s*[1]"[RobotoCondensed-BoldItalic.otf]/OT:script=latn
;language=dflt;+pnum;+lnum;+smcp;mapping=tex-text;"

Requested font "[RobotoCondensed-Bold.otf]/OT" at 9.99997pt
 -> /usr/local/texlive/2022/texmf-dist/fonts/opentype/google/roboto/RobotoConde
nsed-Bold.otf
Requested font "[RobotoCondensed-Bold.otf]/OT" at 10.00003pt
 -> /usr/local/texlive/2022/texmf-dist/fonts/opentype/google/roboto/RobotoConde
nsed-Bold.otf

Package fontspec Info: Font family 'RobotoCondensed(2)' created for font
(fontspec)             'RobotoCondensed' with options [Ligatures = TeX,Scale =
(fontspec)             1,Extension = .otf,Numbers =
(fontspec)             {Proportional,Lining},UprightFont = *-Bold,ItalicFont =
(fontspec)             *-BoldItalic,BoldFont = *-Bold,BoldItalicFont =
(fontspec)             *-BoldItalic].
(fontspec)              
(fontspec)              This font family consists of the following NFSS
(fontspec)             series/shapes:
(fontspec)              
(fontspec)             - 'normal' (m/n) with NFSS spec.:
(fontspec)             <->s*[1]"[RobotoCondensed-Bold.otf]/OT:script=latn;langu
age=dflt;+pnum;+lnum;mapping=tex-text;"
(fontspec)             - 'small caps'  (m/sc) with NFSS spec.:
(fontspec)             <->s*[1]"[RobotoCondensed-Bold.otf]/OT:script=latn;langu
age=dflt;+pnum;+lnum;+smcp;mapping=tex-text;"
(fontspec)             - 'bold' (b/n) with NFSS spec.:
(fontspec)             <->s*[1]"[RobotoCondensed-Bold.otf]/OT:script=latn;langu
age=dflt;+pnum;+lnum;mapping=tex-text;"
(fontspec)             - 'bold small caps'  (b/sc) with NFSS spec.:
(fontspec)             <->s*[1]"[RobotoCondensed-Bold.otf]/OT:script=latn;langu
age=dflt;+pnum;+lnum;+smcp;mapping=tex-text;"
(fontspec)             - 'italic' (m/it) with NFSS spec.:
(fontspec)             <->s*[1]"[RobotoCondensed-BoldItalic.otf]/OT:script=latn
;language=dflt;+pnum;+lnum;mapping=tex-text;"
(fontspec)             - 'italic small caps'  (m/scit) with NFSS spec.:
(fontspec)             <->s*[1]"[RobotoCondensed-BoldItalic.otf]/OT:script=latn
;language=dflt;+pnum;+lnum;+smcp;mapping=tex-text;"
(fontspec)             - 'bold italic' (b/it) with NFSS spec.:
(fontspec)             <->s*[1]"[RobotoCondensed-BoldItalic.otf]/OT:script=latn
;language=dflt;+pnum;+lnum;mapping=tex-text;"
(fontspec)             - 'bold italic small caps'  (b/scit) with NFSS spec.:
(fontspec)             <->s*[1]"[RobotoCondensed-BoldItalic.otf]/OT:script=latn
;language=dflt;+pnum;+lnum;+smcp;mapping=tex-text;"

Requested font "[RobotoSlab-Regular.otf]/OT" at 9.99997pt
 -> /usr/local/texlive/2022/texmf-dist/fonts/opentype/google/roboto/RobotoSlab-
Regular.otf
Requested font "[RobotoSlab-Regular.otf]/OT" at 10.00003pt
 -> /usr/local/texlive/2022/texmf-dist/fonts/opentype/google/roboto/RobotoSlab-
Regular.otf
Requested font "[RobotoSlab-Regular.otf]/OT:script=DFLT;language=dflt;" at 10.0
0003pt
 -> /usr/local/texlive/2022/texmf-dist/fonts/opentype/google/roboto/RobotoSlab-
Regular.otf
Requested font "[RobotoSlab-Bold.otf]/OT:script=DFLT;language=dflt;" at 10.0000
3pt
 -> /usr/local/texlive/2022/texmf-dist/fonts/opentype/google/roboto/RobotoSlab-
Bold.otf

Package fontspec Info: Font family 'RobotoSlab(0)' created for font
(fontspec)             'RobotoSlab' with options [Ligatures = TeX,Scale =
(fontspec)             1,Extension = .otf,UprightFont = *-Regular,BoldFont =
(fontspec)             *-Bold].
(fontspec)              
(fontspec)              This font family consists of the following NFSS
(fontspec)             series/shapes:
(fontspec)              
(fontspec)             - 'normal' (m/n) with NFSS spec.:
(fontspec)             <->s*[1]"[RobotoSlab-Regular.otf]/OT:script=DFLT;languag
e=dflt;mapping=tex-text;"
(fontspec)             - 'small caps'  (m/sc) with NFSS spec.:
(fontspec)             <->s*[1]"[RobotoSlab-Regular.otf]/OT:script=DFLT;languag
e=dflt;+smcp;mapping=tex-text;"
(fontspec)             - 'bold' (b/n) with NFSS spec.:
(fontspec)             <->s*[1]"[RobotoSlab-Bold.otf]/OT:script=DFLT;language=d
flt;mapping=tex-text;"
(fontspec)             - 'bold small caps'  (b/sc) with NFSS spec.:
(fontspec)             <->s*[1]"[RobotoSlab-Bold.otf]/OT:script=DFLT;language=d
flt;+smcp;mapping=tex-text;"


Package fontspec Info: Font family 'RobotoCondensed(3)' created for font
(fontspec)             'RobotoCondensed' with options [Ligatures = TeX,Scale =
(fontspec)             1,Extension = .otf,Numbers =
(fontspec)             {Proportional,Lining},UprightFont =
(fontspec)             *-Regular,ItalicFont = *-Italic].
(fontspec)              
(fontspec)              This font family consists of the following NFSS
(fontspec)             series/shapes:
(fontspec)              
(fontspec)             - 'normal' (m/n) with NFSS spec.:
(fontspec)             <->s*[1]"[RobotoCondensed-Regular.otf]/OT:script=latn;la
nguage=dflt;+pnum;+lnum;mapping=tex-text;"
(fontspec)             - 'small caps'  (m/sc) with NFSS spec.:
(fontspec)             <->s*[1]"[RobotoCondensed-Regular.otf]/OT:script=latn;la
nguage=dflt;+pnum;+lnum;+smcp;mapping=tex-text;"
(fontspec)             - 'italic' (m/it) with NFSS spec.:
(fontspec)             <->s*[1]"[RobotoCondensed-Italic.otf]/OT:script=latn;lan
guage=dflt;+pnum;+lnum;mapping=tex-text;"
(fontspec)             - 'italic small caps'  (m/scit) with NFSS spec.:
(fontspec)             <->s*[1]"[RobotoCondensed-Italic.otf]/OT:script=latn;lan
guage=dflt;+pnum;+lnum;+smcp;mapping=tex-text;"

Requested font "[RobotoCondensed-Light.otf]/OT" at 9.99997pt
 -> /usr/local/texlive/2022/texmf-dist/fonts/opentype/google/roboto/RobotoConde
nsed-Light.otf
Requested font "[RobotoCondensed-Light.otf]/OT" at 10.00003pt
 -> /usr/local/texlive/2022/texmf-dist/fonts/opentype/google/roboto/RobotoConde
nsed-Light.otf
Requested font "[RobotoCondensed-Light.otf]/OT:script=latn;language=dflt;" at 1
0.00003pt
 -> /usr/local/texlive/2022/texmf-dist/fonts/opentype/google/roboto/RobotoConde
nsed-Light.otf
Requested font "[RobotoCondensed-LightItalic.otf]/OT:script=latn;language=dflt;
" at 10.00003pt
 -> /usr/local/texlive/2022/texmf-dist/fonts/opentype/google/roboto/RobotoConde
nsed-LightItalic.otf

Package fontspec Info: Font family 'RobotoCondensed(4)' created for font
(fontspec)             'RobotoCondensed' with options [Ligatures = TeX,Scale =
(fontspec)             1,Extension = .otf,Numbers =
(fontspec)             {Proportional,Lining},UprightFont = *-Light,ItalicFont
(fontspec)             = *-LightItalic].
(fontspec)              
(fontspec)              This font family consists of the following NFSS
(fontspec)             series/shapes:
(fontspec)              
(fontspec)             - 'normal' (m/n) with NFSS spec.:
(fontspec)             <->s*[1]"[RobotoCondensed-Light.otf]/OT:script=latn;lang
uage=dflt;+pnum;+lnum;mapping=tex-text;"
(fontspec)             - 'small caps'  (m/sc) with NFSS spec.:
(fontspec)             <->s*[1]"[RobotoCondensed-Light.otf]/OT:script=latn;lang
uage=dflt;+pnum;+lnum;+smcp;mapping=tex-text;"
(fontspec)             - 'italic' (m/it) with NFSS spec.:
(fontspec)             <->s*[1]"[RobotoCondensed-LightItalic.otf]/OT:script=lat
n;language=dflt;+pnum;+lnum;mapping=tex-text;"
(fontspec)             - 'italic small caps'  (m/scit) with NFSS spec.:
(fontspec)             <->s*[1]"[RobotoCondensed-LightItalic.otf]/OT:script=lat
n;language=dflt;+pnum;+lnum;+smcp;mapping=tex-text;"


Package fontspec Info: Font family 'RobotoCondensed(5)' created for font
(fontspec)             'RobotoCondensed' with options [Ligatures = TeX,Scale =
(fontspec)             1,Extension = .otf,Numbers =
(fontspec)             {Proportional,Lining},UprightFont = *-Bold,ItalicFont =
(fontspec)             *-BoldItalic].
(fontspec)              
(fontspec)              This font family consists of the following NFSS
(fontspec)             series/shapes:
(fontspec)              
(fontspec)             - 'normal' (m/n) with NFSS spec.:
(fontspec)             <->s*[1]"[RobotoCondensed-Bold.otf]/OT:script=latn;langu
age=dflt;+pnum;+lnum;mapping=tex-text;"
(fontspec)             - 'small caps'  (m/sc) with NFSS spec.:
(fontspec)             <->s*[1]"[RobotoCondensed-Bold.otf]/OT:script=latn;langu
age=dflt;+pnum;+lnum;+smcp;mapping=tex-text;"
(fontspec)             - 'italic' (m/it) with NFSS spec.:
(fontspec)             <->s*[1]"[RobotoCondensed-BoldItalic.otf]/OT:script=latn
;language=dflt;+pnum;+lnum;mapping=tex-text;"
(fontspec)             - 'italic small caps'  (m/scit) with NFSS spec.:
(fontspec)             <->s*[1]"[RobotoCondensed-BoldItalic.otf]/OT:script=latn
;language=dflt;+pnum;+lnum;+smcp;mapping=tex-text;"


Package fontspec Info: Font family 'RobotoCondensed(6)' created for font
(fontspec)             'RobotoCondensed' with options [Ligatures = TeX,Scale =
(fontspec)             1,Extension = .otf,Numbers =
(fontspec)             {Proportional,OldStyle},UprightFont =
(fontspec)             *-Regular,ItalicFont = *-Italic,BoldFont =
(fontspec)             *-Bold,BoldItalicFont = *-BoldItalic].
(fontspec)              
(fontspec)              This font family consists of the following NFSS
(fontspec)             series/shapes:
(fontspec)              
(fontspec)             - 'normal' (m/n) with NFSS spec.:
(fontspec)             <->s*[1]"[RobotoCondensed-Regular.otf]/OT:script=latn;la
nguage=dflt;+pnum;+onum;mapping=tex-text;"
(fontspec)             - 'small caps'  (m/sc) with NFSS spec.:
(fontspec)             <->s*[1]"[RobotoCondensed-Regular.otf]/OT:script=latn;la
nguage=dflt;+pnum;+onum;+smcp;mapping=tex-text;"
(fontspec)             - 'bold' (b/n) with NFSS spec.:
(fontspec)             <->s*[1]"[RobotoCondensed-Bold.otf]/OT:script=latn;langu
age=dflt;+pnum;+onum;mapping=tex-text;"
(fontspec)             - 'bold small caps'  (b/sc) with NFSS spec.:
(fontspec)             <->s*[1]"[RobotoCondensed-Bold.otf]/OT:script=latn;langu
age=dflt;+pnum;+onum;+smcp;mapping=tex-text;"
(fontspec)             - 'italic' (m/it) with NFSS spec.:
(fontspec)             <->s*[1]"[RobotoCondensed-Italic.otf]/OT:script=latn;lan
guage=dflt;+pnum;+onum;mapping=tex-text;"
(fontspec)             - 'italic small caps'  (m/scit) with NFSS spec.:
(fontspec)             <->s*[1]"[RobotoCondensed-Italic.otf]/OT:script=latn;lan
guage=dflt;+pnum;+onum;+smcp;mapping=tex-text;"
(fontspec)             - 'bold italic' (b/it) with NFSS spec.:
(fontspec)             <->s*[1]"[RobotoCondensed-BoldItalic.otf]/OT:script=latn
;language=dflt;+pnum;+onum;mapping=tex-text;"
(fontspec)             - 'bold italic small caps'  (b/scit) with NFSS spec.:
(fontspec)             <->s*[1]"[RobotoCondensed-BoldItalic.otf]/OT:script=latn
;language=dflt;+pnum;+onum;+smcp;mapping=tex-text;"


Package fontspec Info: Font family 'RobotoCondensed(7)' created for font
(fontspec)             'RobotoCondensed' with options [Ligatures = TeX,Scale =
(fontspec)             1,Extension = .otf,Numbers =
(fontspec)             {Monospaced,Lining},UprightFont = *-Regular,ItalicFont
(fontspec)             = *-Italic,BoldFont = *-Bold,BoldItalicFont =
(fontspec)             *-BoldItalic].
(fontspec)              
(fontspec)              This font family consists of the following NFSS
(fontspec)             series/shapes:
(fontspec)              
(fontspec)             - 'normal' (m/n) with NFSS spec.:
(fontspec)             <->s*[1]"[RobotoCondensed-Regular.otf]/OT:script=latn;la
nguage=dflt;+tnum;+lnum;mapping=tex-text;"
(fontspec)             - 'small caps'  (m/sc) with NFSS spec.:
(fontspec)             <->s*[1]"[RobotoCondensed-Regular.otf]/OT:script=latn;la
nguage=dflt;+tnum;+lnum;+smcp;mapping=tex-text;"
(fontspec)             - 'bold' (b/n) with NFSS spec.:
(fontspec)             <->s*[1]"[RobotoCondensed-Bold.otf]/OT:script=latn;langu
age=dflt;+tnum;+lnum;mapping=tex-text;"
(fontspec)             - 'bold small caps'  (b/sc) with NFSS spec.:
(fontspec)             <->s*[1]"[RobotoCondensed-Bold.otf]/OT:script=latn;langu
age=dflt;+tnum;+lnum;+smcp;mapping=tex-text;"
(fontspec)             - 'italic' (m/it) with NFSS spec.:
(fontspec)             <->s*[1]"[RobotoCondensed-Italic.otf]/OT:script=latn;lan
guage=dflt;+tnum;+lnum;mapping=tex-text;"
(fontspec)             - 'italic small caps'  (m/scit) with NFSS spec.:
(fontspec)             <->s*[1]"[RobotoCondensed-Italic.otf]/OT:script=latn;lan
guage=dflt;+tnum;+lnum;+smcp;mapping=tex-text;"
(fontspec)             - 'bold italic' (b/it) with NFSS spec.:
(fontspec)             <->s*[1]"[RobotoCondensed-BoldItalic.otf]/OT:script=latn
;language=dflt;+tnum;+lnum;mapping=tex-text;"
(fontspec)             - 'bold italic small caps'  (b/scit) with NFSS spec.:
(fontspec)             <->s*[1]"[RobotoCondensed-BoldItalic.otf]/OT:script=latn
;language=dflt;+tnum;+lnum;+smcp;mapping=tex-text;"


Package fontspec Info: Font family 'RobotoCondensed(8)' created for font
(fontspec)             'RobotoCondensed' with options [Ligatures = TeX,Scale =
(fontspec)             1,Extension = .otf,Numbers =
(fontspec)             {Monospaced,OldStyle},UprightFont =
(fontspec)             *-Regular,ItalicFont = *-Italic,BoldFont =
(fontspec)             *-Bold,BoldItalicFont = *-BoldItalic].
(fontspec)              
(fontspec)              This font family consists of the following NFSS
(fontspec)             series/shapes:
(fontspec)              
(fontspec)             - 'normal' (m/n) with NFSS spec.:
(fontspec)             <->s*[1]"[RobotoCondensed-Regular.otf]/OT:script=latn;la
nguage=dflt;+tnum;+onum;mapping=tex-text;"
(fontspec)             - 'small caps'  (m/sc) with NFSS spec.:
(fontspec)             <->s*[1]"[RobotoCondensed-Regular.otf]/OT:script=latn;la
nguage=dflt;+tnum;+onum;+smcp;mapping=tex-text;"
(fontspec)             - 'bold' (b/n) with NFSS spec.:
(fontspec)             <->s*[1]"[RobotoCondensed-Bold.otf]/OT:script=latn;langu
age=dflt;+tnum;+onum;mapping=tex-text;"
(fontspec)             - 'bold small caps'  (b/sc) with NFSS spec.:
(fontspec)             <->s*[1]"[RobotoCondensed-Bold.otf]/OT:script=latn;langu
age=dflt;+tnum;+onum;+smcp;mapping=tex-text;"
(fontspec)             - 'italic' (m/it) with NFSS spec.:
(fontspec)             <->s*[1]"[RobotoCondensed-Italic.otf]/OT:script=latn;lan
guage=dflt;+tnum;+onum;mapping=tex-text;"
(fontspec)             - 'italic small caps'  (m/scit) with NFSS spec.:
(fontspec)             <->s*[1]"[RobotoCondensed-Italic.otf]/OT:script=latn;lan
guage=dflt;+tnum;+onum;+smcp;mapping=tex-text;"
(fontspec)             - 'bold italic' (b/it) with NFSS spec.:
(fontspec)             <->s*[1]"[RobotoCondensed-BoldItalic.otf]/OT:script=latn
;language=dflt;+tnum;+onum;mapping=tex-text;"
(fontspec)             - 'bold italic small caps'  (b/scit) with NFSS spec.:
(fontspec)             <->s*[1]"[RobotoCondensed-BoldItalic.otf]/OT:script=latn
;language=dflt;+tnum;+onum;+smcp;mapping=tex-text;"

)
Package hyperref Info: Option `colorlinks' set `true' on input line 128.
(/usr/local/texlive/2022/texmf-dist/tex/latex/float/float.sty
Package: float 2001/11/08 v1.3d Float enhancements (AL)
\c@float@type=\count333
\float@exts=\toks36
\float@box=\box116
\@float@everytoks=\toks37
\@floatcapt=\box117
) (/usr/local/texlive/2022/texmf-dist/tex/latex/multirow/multirow.sty
Package: multirow 2021/03/15 v2.8 Span multiple rows of a table
\multirow@colwidth=\skip106
\multirow@cntb=\count334
\multirow@dima=\skip107
\bigstrutjot=\dimen263
) (/usr/local/texlive/2022/texmf-dist/tex/latex/tcolorbox/tcolorbox.sty
Package: tcolorbox 2022/01/07 version 5.0.2 text color boxes
(/usr/local/texlive/2022/texmf-dist/tex/latex/pgf/basiclayer/pgf.sty (/usr/loca
l/texlive/2022/texmf-dist/tex/latex/pgf/utilities/pgfrcs.sty
(/usr/local/texlive/2022/texmf-dist/tex/generic/pgf/utilities/pgfutil-common.te
x
\pgfutil@everybye=\toks38
\pgfutil@tempdima=\dimen264
\pgfutil@tempdimb=\dimen265

(/usr/local/texlive/2022/texmf-dist/tex/generic/pgf/utilities/pgfutil-common-li
sts.tex))
(/usr/local/texlive/2022/texmf-dist/tex/generic/pgf/utilities/pgfutil-latex.def
\pgfutil@abb=\box118
) (/usr/local/texlive/2022/texmf-dist/tex/generic/pgf/utilities/pgfrcs.code.tex
(/usr/local/texlive/2022/texmf-dist/tex/generic/pgf/pgf.revision.tex)
Package: pgfrcs 2021/05/15 v3.1.9a (3.1.9a)
))
Package: pgf 2021/05/15 v3.1.9a (3.1.9a)
(/usr/local/texlive/2022/texmf-dist/tex/latex/pgf/basiclayer/pgfcore.sty (/usr/
local/texlive/2022/texmf-dist/tex/latex/pgf/systemlayer/pgfsys.sty
(/usr/local/texlive/2022/texmf-dist/tex/generic/pgf/systemlayer/pgfsys.code.tex
Package: pgfsys 2021/05/15 v3.1.9a (3.1.9a)
(/usr/local/texlive/2022/texmf-dist/tex/generic/pgf/utilities/pgfkeys.code.tex
\pgfkeys@pathtoks=\toks39
\pgfkeys@temptoks=\toks40

(/usr/local/texlive/2022/texmf-dist/tex/generic/pgf/utilities/pgfkeysfiltered.c
ode.tex
\pgfkeys@tmptoks=\toks41
))
\pgf@x=\dimen266
\pgf@y=\dimen267
\pgf@xa=\dimen268
\pgf@ya=\dimen269
\pgf@xb=\dimen270
\pgf@yb=\dimen271
\pgf@xc=\dimen272
\pgf@yc=\dimen273
\pgf@xd=\dimen274
\pgf@yd=\dimen275
\w@pgf@writea=\write4
\r@pgf@reada=\read3
\c@pgf@counta=\count335
\c@pgf@countb=\count336
\c@pgf@countc=\count337
\c@pgf@countd=\count338
\t@pgf@toka=\toks42
\t@pgf@tokb=\toks43
\t@pgf@tokc=\toks44
\pgf@sys@id@count=\count339
(/usr/local/texlive/2022/texmf-dist/tex/generic/pgf/systemlayer/pgf.cfg
File: pgf.cfg 2021/05/15 v3.1.9a (3.1.9a)
)
Driver file for pgf: pgfsys-xetex.def

(/usr/local/texlive/2022/texmf-dist/tex/generic/pgf/systemlayer/pgfsys-xetex.de
f
File: pgfsys-xetex.def 2021/05/15 v3.1.9a (3.1.9a)

(/usr/local/texlive/2022/texmf-dist/tex/generic/pgf/systemlayer/pgfsys-dvipdfmx
.def
File: pgfsys-dvipdfmx.def 2021/05/15 v3.1.9a (3.1.9a)

(/usr/local/texlive/2022/texmf-dist/tex/generic/pgf/systemlayer/pgfsys-common-p
df.def
File: pgfsys-common-pdf.def 2021/05/15 v3.1.9a (3.1.9a)
)
\pgfsys@objnum=\count340
)))
(/usr/local/texlive/2022/texmf-dist/tex/generic/pgf/systemlayer/pgfsyssoftpath.
code.tex
File: pgfsyssoftpath.code.tex 2021/05/15 v3.1.9a (3.1.9a)
\pgfsyssoftpath@smallbuffer@items=\count341
\pgfsyssoftpath@bigbuffer@items=\count342
)
(/usr/local/texlive/2022/texmf-dist/tex/generic/pgf/systemlayer/pgfsysprotocol.
code.tex
File: pgfsysprotocol.code.tex 2021/05/15 v3.1.9a (3.1.9a)
))
(/usr/local/texlive/2022/texmf-dist/tex/generic/pgf/basiclayer/pgfcore.code.tex
Package: pgfcore 2021/05/15 v3.1.9a (3.1.9a)
(/usr/local/texlive/2022/texmf-dist/tex/generic/pgf/math/pgfmath.code.tex (/usr
/local/texlive/2022/texmf-dist/tex/generic/pgf/math/pgfmathcalc.code.tex (/usr/
local/texlive/2022/texmf-dist/tex/generic/pgf/math/pgfmathutil.code.tex)
(/usr/local/texlive/2022/texmf-dist/tex/generic/pgf/math/pgfmathparser.code.tex
\pgfmath@dimen=\dimen276
\pgfmath@count=\count343
\pgfmath@box=\box119
\pgfmath@toks=\toks45
\pgfmath@stack@operand=\toks46
\pgfmath@stack@operation=\toks47
)
(/usr/local/texlive/2022/texmf-dist/tex/generic/pgf/math/pgfmathfunctions.code.
tex
(/usr/local/texlive/2022/texmf-dist/tex/generic/pgf/math/pgfmathfunctions.basic
.code.tex)
(/usr/local/texlive/2022/texmf-dist/tex/generic/pgf/math/pgfmathfunctions.trigo
nometric.code.tex)
(/usr/local/texlive/2022/texmf-dist/tex/generic/pgf/math/pgfmathfunctions.rando
m.code.tex)
(/usr/local/texlive/2022/texmf-dist/tex/generic/pgf/math/pgfmathfunctions.compa
rison.code.tex)
(/usr/local/texlive/2022/texmf-dist/tex/generic/pgf/math/pgfmathfunctions.base.
code.tex)
(/usr/local/texlive/2022/texmf-dist/tex/generic/pgf/math/pgfmathfunctions.round
.code.tex)
(/usr/local/texlive/2022/texmf-dist/tex/generic/pgf/math/pgfmathfunctions.misc.
code.tex)
(/usr/local/texlive/2022/texmf-dist/tex/generic/pgf/math/pgfmathfunctions.integ
erarithmetics.code.tex))) (/usr/local/texlive/2022/texmf-dist/tex/generic/pgf/m
ath/pgfmathfloat.code.tex
\c@pgfmathroundto@lastzeros=\count344
)) (/usr/local/texlive/2022/texmf-dist/tex/generic/pgf/math/pgfint.code.tex)
(/usr/local/texlive/2022/texmf-dist/tex/generic/pgf/basiclayer/pgfcorepoints.co
de.tex
File: pgfcorepoints.code.tex 2021/05/15 v3.1.9a (3.1.9a)
\pgf@picminx=\dimen277
\pgf@picmaxx=\dimen278
\pgf@picminy=\dimen279
\pgf@picmaxy=\dimen280
\pgf@pathminx=\dimen281
\pgf@pathmaxx=\dimen282
\pgf@pathminy=\dimen283
\pgf@pathmaxy=\dimen284
\pgf@xx=\dimen285
\pgf@xy=\dimen286
\pgf@yx=\dimen287
\pgf@yy=\dimen288
\pgf@zx=\dimen289
\pgf@zy=\dimen290
)
(/usr/local/texlive/2022/texmf-dist/tex/generic/pgf/basiclayer/pgfcorepathconst
ruct.code.tex
File: pgfcorepathconstruct.code.tex 2021/05/15 v3.1.9a (3.1.9a)
\pgf@path@lastx=\dimen291
\pgf@path@lasty=\dimen292
)
(/usr/local/texlive/2022/texmf-dist/tex/generic/pgf/basiclayer/pgfcorepathusage
.code.tex
File: pgfcorepathusage.code.tex 2021/05/15 v3.1.9a (3.1.9a)
\pgf@shorten@end@additional=\dimen293
\pgf@shorten@start@additional=\dimen294
)
(/usr/local/texlive/2022/texmf-dist/tex/generic/pgf/basiclayer/pgfcorescopes.co
de.tex
File: pgfcorescopes.code.tex 2021/05/15 v3.1.9a (3.1.9a)
\pgfpic=\box120
\pgf@hbox=\box121
\pgf@layerbox@main=\box122
\pgf@picture@serial@count=\count345
)
(/usr/local/texlive/2022/texmf-dist/tex/generic/pgf/basiclayer/pgfcoregraphicst
ate.code.tex
File: pgfcoregraphicstate.code.tex 2021/05/15 v3.1.9a (3.1.9a)
\pgflinewidth=\dimen295
)
(/usr/local/texlive/2022/texmf-dist/tex/generic/pgf/basiclayer/pgfcoretransform
ations.code.tex
File: pgfcoretransformations.code.tex 2021/05/15 v3.1.9a (3.1.9a)
\pgf@pt@x=\dimen296
\pgf@pt@y=\dimen297
\pgf@pt@temp=\dimen298
)
(/usr/local/texlive/2022/texmf-dist/tex/generic/pgf/basiclayer/pgfcorequick.cod
e.tex
File: pgfcorequick.code.tex 2021/05/15 v3.1.9a (3.1.9a)
)
(/usr/local/texlive/2022/texmf-dist/tex/generic/pgf/basiclayer/pgfcoreobjects.c
ode.tex
File: pgfcoreobjects.code.tex 2021/05/15 v3.1.9a (3.1.9a)
)
(/usr/local/texlive/2022/texmf-dist/tex/generic/pgf/basiclayer/pgfcorepathproce
ssing.code.tex
File: pgfcorepathprocessing.code.tex 2021/05/15 v3.1.9a (3.1.9a)
)
(/usr/local/texlive/2022/texmf-dist/tex/generic/pgf/basiclayer/pgfcorearrows.co
de.tex
File: pgfcorearrows.code.tex 2021/05/15 v3.1.9a (3.1.9a)
\pgfarrowsep=\dimen299
)
(/usr/local/texlive/2022/texmf-dist/tex/generic/pgf/basiclayer/pgfcoreshade.cod
e.tex
File: pgfcoreshade.code.tex 2021/05/15 v3.1.9a (3.1.9a)
\pgf@max=\dimen300
\pgf@sys@shading@range@num=\count346
\pgf@shadingcount=\count347
)
(/usr/local/texlive/2022/texmf-dist/tex/generic/pgf/basiclayer/pgfcoreimage.cod
e.tex
File: pgfcoreimage.code.tex 2021/05/15 v3.1.9a (3.1.9a)

(/usr/local/texlive/2022/texmf-dist/tex/generic/pgf/basiclayer/pgfcoreexternal.
code.tex
File: pgfcoreexternal.code.tex 2021/05/15 v3.1.9a (3.1.9a)
\pgfexternal@startupbox=\box123
))
(/usr/local/texlive/2022/texmf-dist/tex/generic/pgf/basiclayer/pgfcorelayers.co
de.tex
File: pgfcorelayers.code.tex 2021/05/15 v3.1.9a (3.1.9a)
)
(/usr/local/texlive/2022/texmf-dist/tex/generic/pgf/basiclayer/pgfcoretranspare
ncy.code.tex
File: pgfcoretransparency.code.tex 2021/05/15 v3.1.9a (3.1.9a)
)
(/usr/local/texlive/2022/texmf-dist/tex/generic/pgf/basiclayer/pgfcorepatterns.
code.tex
File: pgfcorepatterns.code.tex 2021/05/15 v3.1.9a (3.1.9a)
)
(/usr/local/texlive/2022/texmf-dist/tex/generic/pgf/basiclayer/pgfcorerdf.code.
tex
File: pgfcorerdf.code.tex 2021/05/15 v3.1.9a (3.1.9a)
)))
(/usr/local/texlive/2022/texmf-dist/tex/generic/pgf/modules/pgfmoduleshapes.cod
e.tex
File: pgfmoduleshapes.code.tex 2021/05/15 v3.1.9a (3.1.9a)
\pgfnodeparttextbox=\box124
)
(/usr/local/texlive/2022/texmf-dist/tex/generic/pgf/modules/pgfmoduleplot.code.
tex
File: pgfmoduleplot.code.tex 2021/05/15 v3.1.9a (3.1.9a)
)
(/usr/local/texlive/2022/texmf-dist/tex/latex/pgf/compatibility/pgfcomp-version
-0-65.sty
Package: pgfcomp-version-0-65 2021/05/15 v3.1.9a (3.1.9a)
\pgf@nodesepstart=\dimen301
\pgf@nodesepend=\dimen302
)
(/usr/local/texlive/2022/texmf-dist/tex/latex/pgf/compatibility/pgfcomp-version
-1-18.sty
Package: pgfcomp-version-1-18 2021/05/15 v3.1.9a (3.1.9a)
)) (/usr/local/texlive/2022/texmf-dist/tex/latex/tools/verbatim.sty
Package: verbatim 2020-07-07 v1.5u LaTeX2e package for verbatim enhancements
\every@verbatim=\toks48
\verbatim@line=\toks49
\verbatim@in@stream=\read4
) (/usr/local/texlive/2022/texmf-dist/tex/latex/environ/environ.sty
Package: environ 2014/05/04 v0.3 A new way to define environments
(/usr/local/texlive/2022/texmf-dist/tex/latex/trimspaces/trimspaces.sty
Package: trimspaces 2009/09/17 v1.1 Trim spaces around a token list
)) (/usr/local/texlive/2022/texmf-dist/tex/latex/etoolbox/etoolbox.sty
Package: etoolbox 2020/10/05 v2.5k e-TeX tools for LaTeX (JAW)
\etb@tempcnta=\count348
)
\tcb@titlebox=\box125
\tcb@upperbox=\box126
\tcb@lowerbox=\box127
\tcb@phantombox=\box128
\c@tcbbreakpart=\count349
\c@tcblayer=\count350
\c@tcolorbox@number=\count351
\tcb@temp=\box129
\tcb@temp=\box130
\tcb@temp=\box131
\tcb@temp=\box132
) (/usr/local/texlive/2022/texmf-dist/tex/latex/bookmark/bookmark.sty
Package: bookmark 2020-11-06 v1.29 PDF bookmarks (HO)
(/usr/local/texlive/2022/texmf-dist/tex/latex/bookmark/bkm-dvipdfm.def
File: bkm-dvipdfm.def 2020-11-06 v1.29 bookmark driver for dvipdfm (HO)
\BKM@id=\count352
)) (/usr/local/texlive/2022/texmf-dist/tex/latex/tcolorbox/tcbskins.code.tex
Library (tcolorbox): 'tcbskins.code.tex' version '5.0.2'
(/usr/local/texlive/2022/texmf-dist/tex/latex/pgf/frontendlayer/tikz.sty (/usr/
local/texlive/2022/texmf-dist/tex/latex/pgf/utilities/pgffor.sty (/usr/local/te
xlive/2022/texmf-dist/tex/latex/pgf/utilities/pgfkeys.sty (/usr/local/texlive/2
022/texmf-dist/tex/generic/pgf/utilities/pgfkeys.code.tex)) (/usr/local/texlive
/2022/texmf-dist/tex/latex/pgf/math/pgfmath.sty (/usr/local/texlive/2022/texmf-
dist/tex/generic/pgf/math/pgfmath.code.tex)) (/usr/local/texlive/2022/texmf-dis
t/tex/generic/pgf/utilities/pgffor.code.tex
Package: pgffor 2021/05/15 v3.1.9a (3.1.9a)
(/usr/local/texlive/2022/texmf-dist/tex/generic/pgf/math/pgfmath.code.tex)
\pgffor@iter=\dimen303
\pgffor@skip=\dimen304
\pgffor@stack=\toks50
\pgffor@toks=\toks51
))
(/usr/local/texlive/2022/texmf-dist/tex/generic/pgf/frontendlayer/tikz/tikz.cod
e.tex
Package: tikz 2021/05/15 v3.1.9a (3.1.9a)

(/usr/local/texlive/2022/texmf-dist/tex/generic/pgf/libraries/pgflibraryplothan
dlers.code.tex
File: pgflibraryplothandlers.code.tex 2021/05/15 v3.1.9a (3.1.9a)
\pgf@plot@mark@count=\count353
\pgfplotmarksize=\dimen305
)
\tikz@lastx=\dimen306
\tikz@lasty=\dimen307
\tikz@lastxsaved=\dimen308
\tikz@lastysaved=\dimen309
\tikz@lastmovetox=\dimen310
\tikz@lastmovetoy=\dimen311
\tikzleveldistance=\dimen312
\tikzsiblingdistance=\dimen313
\tikz@figbox=\box133
\tikz@figbox@bg=\box134
\tikz@tempbox=\box135
\tikz@tempbox@bg=\box136
\tikztreelevel=\count354
\tikznumberofchildren=\count355
\tikznumberofcurrentchild=\count356
\tikz@fig@count=\count357

(/usr/local/texlive/2022/texmf-dist/tex/generic/pgf/modules/pgfmodulematrix.cod
e.tex
File: pgfmodulematrix.code.tex 2021/05/15 v3.1.9a (3.1.9a)
\pgfmatrixcurrentrow=\count358
\pgfmatrixcurrentcolumn=\count359
\pgf@matrix@numberofcolumns=\count360
)
\tikz@expandcount=\count361

(/usr/local/texlive/2022/texmf-dist/tex/generic/pgf/frontendlayer/tikz/librarie
s/tikzlibrarytopaths.code.tex
File: tikzlibrarytopaths.code.tex 2021/05/15 v3.1.9a (3.1.9a)
)))
\tcb@waterbox=\box137

(/usr/local/texlive/2022/texmf-dist/tex/latex/tcolorbox/tcbskinsjigsaw.code.tex
Library (tcolorbox): 'tcbskinsjigsaw.code.tex' version '5.0.2'
)) (/usr/local/texlive/2022/texmf-dist/tex/latex/eqnarray/eqnarray.sty
equationarray 1.3 <December 1, 2010>
Package: eqnarray 
(/usr/local/texlive/2022/texmf-dist/tex/latex/tools/array.sty
Package: array 2021/10/04 v2.5f Tabular extension package (FMi)
\col@sep=\dimen314
\ar@mcellbox=\box138
\extrarowheight=\dimen315
\NC@list=\toks52
\extratabsurround=\skip108
\backup@length=\skip109
\ar@cellbox=\box139
)
\@eqargcnt=\count362
) (/usr/local/texlive/2022/texmf-dist/tex/latex/l3packages/xfrac/xfrac.sty (/us
r/local/texlive/2022/texmf-dist/tex/latex/l3packages/l3keys2e/l3keys2e.sty
Package: l3keys2e 2022-01-12 LaTeX2e option processing using LaTeX3 keys
)
(/usr/local/texlive/2022/texmf-dist/tex/latex/l3packages/xtemplate/xtemplate.st
y
Package: xtemplate 2022-01-12 L3 Experimental prototype document functions
\l__xtemplate_tmp_dim=\dimen316
\l__xtemplate_tmp_int=\count363
\l__xtemplate_tmp_muskip=\muskip18
\l__xtemplate_tmp_skip=\skip110
)
Package: xfrac 2022-01-12 L3 Experimental split-level fractions
\l__xfrac_slash_box=\box140
\l__xfrac_tmp_box=\box141
\l__xfrac_denominator_bot_sep_dim=\dimen317
\l__xfrac_numerator_bot_sep_dim=\dimen318
\l__xfrac_numerator_top_sep_dim=\dimen319
\l__xfrac_slash_left_sep_dim=\dimen320
\l__xfrac_slash_right_sep_dim=\dimen321
\l__xfrac_slash_left_muskip=\muskip19
\l__xfrac_slash_right_muskip=\muskip20

Package xtemplate Info: Declaring object type 'xfrac' taking 3 argument(s) on
(xtemplate)             line 80.

) (/usr/local/texlive/2022/texmf-dist/tex/latex/mathtools/mathtools.sty
Package: mathtools 2022/02/07 v1.28a mathematical typesetting tools
(/usr/local/texlive/2022/texmf-dist/tex/latex/mathtools/mhsetup.sty
Package: mhsetup 2021/03/18 v1.4 programming setup (MH)
)
\g_MT_multlinerow_int=\count364
\l_MT_multwidth_dim=\dimen322
\origjot=\skip111
\l_MT_shortvdotswithinadjustabove_dim=\dimen323
\l_MT_shortvdotswithinadjustbelow_dim=\dimen324
\l_MT_above_intertext_sep=\dimen325
\l_MT_below_intertext_sep=\dimen326
\l_MT_above_shortintertext_sep=\dimen327
\l_MT_below_shortintertext_sep=\dimen328
\xmathstrut@box=\box142
\xmathstrut@dim=\dimen329
)
LaTeX Font Info:    Font shape `TU/RobotoCondensed(0)/m/n' will be
(Font)              scaled to size 10.0pt on input line 368.
Requested font "[RobotoCondensed-Regular.otf]/OT:script=latn;language=dflt;+pnu
m;+lnum;mapping=tex-text;" at 10.0pt
 -> /usr/local/texlive/2022/texmf-dist/fonts/opentype/google/roboto/RobotoConde
nsed-Regular.otf
(./1.-InstallingR_RStudio.aux)
\openout1 = `1.-InstallingR_RStudio.aux'.

LaTeX Font Info:    Checking defaults for OML/cmm/m/it on input line 368.
LaTeX Font Info:    ... okay on input line 368.
LaTeX Font Info:    Checking defaults for OMS/cmsy/m/n on input line 368.
LaTeX Font Info:    ... okay on input line 368.
LaTeX Font Info:    Checking defaults for OT1/cmr/m/n on input line 368.
LaTeX Font Info:    ... okay on input line 368.
LaTeX Font Info:    Checking defaults for T1/cmr/m/n on input line 368.
LaTeX Font Info:    ... okay on input line 368.
LaTeX Font Info:    Checking defaults for TS1/cmr/m/n on input line 368.
LaTeX Font Info:    Trying to load font information for TS1+cmr on input line 3
68.
(/usr/local/texlive/2022/texmf-dist/tex/latex/base/ts1cmr.fd
File: ts1cmr.fd 2019/12/16 v2.5j Standard LaTeX font definitions
)
LaTeX Font Info:    ... okay on input line 368.
LaTeX Font Info:    Checking defaults for TU/lmr/m/n on input line 368.
LaTeX Font Info:    ... okay on input line 368.
LaTeX Font Info:    Checking defaults for OMX/cmex/m/n on input line 368.
LaTeX Font Info:    ... okay on input line 368.
LaTeX Font Info:    Checking defaults for U/cmr/m/n on input line 368.
LaTeX Font Info:    ... okay on input line 368.
LaTeX Font Info:    Checking defaults for PD1/pdf/m/n on input line 368.
LaTeX Font Info:    ... okay on input line 368.
LaTeX Font Info:    Checking defaults for PU/pdf/m/n on input line 368.
LaTeX Font Info:    ... okay on input line 368.

Package fontspec Info: Adjusting the maths setup (use [no-math] to avoid
(fontspec)             this).

\symlegacymaths=\mathgroup6
LaTeX Font Info:    Overwriting symbol font `legacymaths' in version `bold'
(Font)                  OT1/cmr/m/n --> OT1/cmr/bx/n on input line 368.
LaTeX Font Info:    Redeclaring math accent \acute on input line 368.
LaTeX Font Info:    Redeclaring math accent \grave on input line 368.
LaTeX Font Info:    Redeclaring math accent \ddot on input line 368.
LaTeX Font Info:    Redeclaring math accent \tilde on input line 368.
LaTeX Font Info:    Redeclaring math accent \bar on input line 368.
LaTeX Font Info:    Redeclaring math accent \breve on input line 368.
LaTeX Font Info:    Redeclaring math accent \check on input line 368.
LaTeX Font Info:    Redeclaring math accent \hat on input line 368.
LaTeX Font Info:    Redeclaring math accent \dot on input line 368.
LaTeX Font Info:    Redeclaring math accent \mathring on input line 368.
LaTeX Font Info:    Redeclaring math symbol \Gamma on input line 368.
LaTeX Font Info:    Redeclaring math symbol \Delta on input line 368.
LaTeX Font Info:    Redeclaring math symbol \Theta on input line 368.
LaTeX Font Info:    Redeclaring math symbol \Lambda on input line 368.
LaTeX Font Info:    Redeclaring math symbol \Xi on input line 368.
LaTeX Font Info:    Redeclaring math symbol \Pi on input line 368.
LaTeX Font Info:    Redeclaring math symbol \Sigma on input line 368.
LaTeX Font Info:    Redeclaring math symbol \Upsilon on input line 368.
LaTeX Font Info:    Redeclaring math symbol \Phi on input line 368.
LaTeX Font Info:    Redeclaring math symbol \Psi on input line 368.
LaTeX Font Info:    Redeclaring math symbol \Omega on input line 368.
LaTeX Font Info:    Redeclaring math symbol \mathdollar on input line 368.
LaTeX Font Info:    Redeclaring symbol font `operators' on input line 368.
LaTeX Font Info:    Encoding `OT1' has changed to `TU' for symbol font
(Font)              `operators' in the math version `normal' on input line 368.

LaTeX Font Info:    Overwriting symbol font `operators' in version `normal'
(Font)                  OT1/cmr/m/n --> TU/lmr/m/n on input line 368.
LaTeX Font Info:    Encoding `OT1' has changed to `TU' for symbol font
(Font)              `operators' in the math version `bold' on input line 368.
LaTeX Font Info:    Overwriting symbol font `operators' in version `bold'
(Font)                  OT1/cmr/bx/n --> TU/lmr/m/n on input line 368.
LaTeX Font Info:    Overwriting symbol font `operators' in version `normal'
(Font)                  TU/lmr/m/n --> TU/lmr/m/n on input line 368.
LaTeX Font Info:    Overwriting math alphabet `\mathit' in version `normal'
(Font)                  OT1/cmr/m/it --> TU/lmr/m/it on input line 368.
LaTeX Font Info:    Overwriting math alphabet `\mathbf' in version `normal'
(Font)                  OT1/cmr/bx/n --> TU/lmr/b/n on input line 368.
LaTeX Font Info:    Overwriting math alphabet `\mathsf' in version `normal'
(Font)                  OT1/cmss/m/n --> TU/RobotoCondensed(0)/m/n on input lin
e 368.
LaTeX Font Info:    Overwriting math alphabet `\mathtt' in version `normal'
(Font)                  OT1/cmtt/m/n --> TU/lmtt/m/n on input line 368.
LaTeX Font Info:    Overwriting symbol font `operators' in version `bold'
(Font)                  TU/lmr/m/n --> TU/lmr/b/n on input line 368.
LaTeX Font Info:    Overwriting math alphabet `\mathit' in version `bold'
(Font)                  OT1/cmr/bx/it --> TU/lmr/b/it on input line 368.
LaTeX Font Info:    Overwriting math alphabet `\mathsf' in version `bold'
(Font)                  OT1/cmss/bx/n --> TU/RobotoCondensed(0)/b/n on input li
ne 368.
LaTeX Font Info:    Overwriting math alphabet `\mathtt' in version `bold'
(Font)                  OT1/cmtt/m/n --> TU/lmtt/b/n on input line 368.
Package hyperref Info: Link coloring ON on input line 368.
(/usr/local/texlive/2022/texmf-dist/tex/latex/hyperref/nameref.sty
Package: nameref 2021-04-02 v2.47 Cross-referencing by name of section
(/usr/local/texlive/2022/texmf-dist/tex/latex/refcount/refcount.sty
Package: refcount 2019/12/15 v3.6 Data extraction from label references (HO)
)
(/usr/local/texlive/2022/texmf-dist/tex/generic/gettitlestring/gettitlestring.s
ty
Package: gettitlestring 2019/12/15 v1.6 Cleanup title references (HO)
)
\c@section@level=\count365
)
LaTeX Info: Redefining \ref on input line 368.
LaTeX Info: Redefining \pageref on input line 368.
LaTeX Info: Redefining \nameref on input line 368.
*geometry* driver: auto-detecting
*geometry* detected driver: xetex
*geometry* verbose mode - [ preamble ] result:
* driver: xetex
* paper: letterpaper
* layout: <same size as paper>
* layoutoffset:(h,v)=(0.0pt,0.0pt)
* modes: twoside asymmetric 
* h-part:(L,W,R)=(72.26999pt, 312.0pt, 230.02501pt)
* v-part:(T,H,B)=(72.26999pt, 616.0pt, 106.7pt)
* \paperwidth=614.295pt
* \paperheight=794.96999pt
* \textwidth=312.0pt
* \textheight=616.0pt
* \oddsidemargin=0.0pt
* \evensidemargin=0.0pt
* \topmargin=-42.0pt
* \headheight=14.0pt
* \headsep=28.0pt
* \topskip=10.0pt
* \footskip=30.0pt
* \marginparwidth=144.0pt
* \marginparsep=24.0pt
* \columnsep=10.0pt
* \skip\footins=9.0pt plus 4.0pt minus 2.0pt
* \hoffset=0.0pt
* \voffset=0.0pt
* \mag=1000
* \@twocolumnfalse
* \@twosidetrue
* \@mparswitchfalse
* \@reversemarginfalse
* (1in=72.27pt=25.4mm, 1cm=28.453pt)

\langwohyphens=\language87
LaTeX Font Info:    Font shape `TU/RobotoCondensed(0)/b/n' will be
(Font)              scaled to size 10.0pt on input line 370.
Requested font "[RobotoCondensed-Bold.otf]/OT:script=latn;language=dflt;+pnum;+
lnum;mapping=tex-text;" at 10.0pt
 -> /usr/local/texlive/2022/texmf-dist/fonts/opentype/google/roboto/RobotoConde
nsed-Bold.otf
LaTeX Font Info:    Font shape `TU/RobotoCondensed(0)/b/n' will be
(Font)              scaled to size 14.4pt on input line 370.
Requested font "[RobotoCondensed-Bold.otf]/OT:script=latn;language=dflt;+pnum;+
lnum;mapping=tex-text;" at 14.4pt
 -> /usr/local/texlive/2022/texmf-dist/fonts/opentype/google/roboto/RobotoConde
nsed-Bold.otf

LaTeX Font Warning: Font shape `TU/RobotoCondensed(0)/l/n' undefined
(Font)              using `TU/RobotoCondensed(0)/m/n' instead on input line 370
.

LaTeX Font Info:    Font shape `TU/RobotoCondensed(0)/m/n' will be
(Font)              scaled to size 12.0pt on input line 370.
Requested font "[RobotoCondensed-Regular.otf]/OT:script=latn;language=dflt;+pnu
m;+lnum;mapping=tex-text;" at 12.0pt
 -> /usr/local/texlive/2022/texmf-dist/fonts/opentype/google/roboto/RobotoConde
nsed-Regular.otf

LaTeX Font Warning: Font shape `TU/RobotoCondensed(0)/l/n' undefined
(Font)              using `TU/RobotoCondensed(0)/m/n' instead on input line 370
.

LaTeX Font Info:    Font shape `TU/RobotoCondensed(0)/b/n' will be
(Font)              scaled to size 12.0pt on input line 377.
Requested font "[RobotoCondensed-Bold.otf]/OT:script=latn;language=dflt;+pnum;+
lnum;mapping=tex-text;" at 12.0pt
 -> /usr/local/texlive/2022/texmf-dist/fonts/opentype/google/roboto/RobotoConde
nsed-Bold.otf
(./1.-InstallingR_RStudio.toc
LaTeX Font Info:    Font shape `TU/RobotoCondensed(0)/m/n' will be
(Font)              scaled to size 10.95pt on input line 2.
Requested font "[RobotoCondensed-Regular.otf]/OT:script=latn;language=dflt;+pnu
m;+lnum;mapping=tex-text;" at 10.95pt
 -> /usr/local/texlive/2022/texmf-dist/fonts/opentype/google/roboto/RobotoConde
nsed-Regular.otf
)
\tf@toc=\write5
\openout5 = `1.-InstallingR_RStudio.toc'.

[1

]
Requested font "[lmroman7-regular]:mapping=tex-text;" at 7.0pt
 -> /usr/local/texlive/2022/texmf-dist/fonts/opentype/public/lm/lmroman7-regula
r.otf
Requested font "[lmroman5-regular]:mapping=tex-text;" at 5.0pt
 -> /usr/local/texlive/2022/texmf-dist/fonts/opentype/public/lm/lmroman5-regula
r.otf
Requested font "cmex7" at 7.0pt
 -> /usr/local/texlive/2022/texmf-dist/fonts/tfm/public/amsfonts/cmextra/cmex7.
tfm
Requested font "cmex7" at 5.0pt
 -> /usr/local/texlive/2022/texmf-dist/fonts/tfm/public/amsfonts/cmextra/cmex7.
tfm
LaTeX Font Info:    Trying to load font information for U+msa on input line 393
.
(/usr/local/texlive/2022/texmf-dist/tex/latex/amsfonts/umsa.fd
File: umsa.fd 2013/01/14 v3.01 AMS symbols A
)
Requested font "msam10" at 10.0pt
 -> /usr/local/texlive/2022/texmf-dist/fonts/tfm/public/amsfonts/symbols/msam10
.tfm
Requested font "msam7" at 7.0pt
 -> /usr/local/texlive/2022/texmf-dist/fonts/tfm/public/amsfonts/symbols/msam7.
tfm
Requested font "msam5" at 5.0pt
 -> /usr/local/texlive/2022/texmf-dist/fonts/tfm/public/amsfonts/symbols/msam5.
tfm
LaTeX Font Info:    Trying to load font information for U+msb on input line 393
.
(/usr/local/texlive/2022/texmf-dist/tex/latex/amsfonts/umsb.fd
File: umsb.fd 2013/01/14 v3.01 AMS symbols B
)
Requested font "msbm10" at 10.0pt
 -> /usr/local/texlive/2022/texmf-dist/fonts/tfm/public/amsfonts/symbols/msbm10
.tfm
Requested font "msbm7" at 7.0pt
 -> /usr/local/texlive/2022/texmf-dist/fonts/tfm/public/amsfonts/symbols/msbm7.
tfm
Requested font "msbm5" at 5.0pt
 -> /usr/local/texlive/2022/texmf-dist/fonts/tfm/public/amsfonts/symbols/msbm5.
tfm
LaTeX Font Info:    Font shape `TU/RobotoCondensed(0)/m/n' will be
(Font)              scaled to size 7.0pt on input line 393.
Requested font "[RobotoCondensed-Regular.otf]/OT:script=latn;language=dflt;+pnu
m;+lnum;mapping=tex-text;" at 7.0pt
 -> /usr/local/texlive/2022/texmf-dist/fonts/opentype/google/roboto/RobotoConde
nsed-Regular.otf
LaTeX Font Info:    Font shape `TU/RobotoCondensed(0)/m/n' will be
(Font)              scaled to size 8.0pt on input line 393.
Requested font "[RobotoCondensed-Regular.otf]/OT:script=latn;language=dflt;+pnu
m;+lnum;mapping=tex-text;" at 8.0pt
 -> /usr/local/texlive/2022/texmf-dist/fonts/opentype/google/roboto/RobotoConde
nsed-Regular.otf
Requested font "[lmroman8-regular]:mapping=tex-text;" at 8.0pt
 -> /usr/local/texlive/2022/texmf-dist/fonts/opentype/public/lm/lmroman8-regula
r.otf
Requested font "[lmroman6-regular]:mapping=tex-text;" at 6.0pt
 -> /usr/local/texlive/2022/texmf-dist/fonts/opentype/public/lm/lmroman6-regula
r.otf
Requested font "cmmi8" at 8.0pt
 -> /usr/local/texlive/2022/texmf-dist/fonts/tfm/public/cm/cmmi8.tfm
Requested font "cmmi6" at 6.0pt
 -> /usr/local/texlive/2022/texmf-dist/fonts/tfm/public/cm/cmmi6.tfm
Requested font "cmsy8" at 8.0pt
 -> /usr/local/texlive/2022/texmf-dist/fonts/tfm/public/cm/cmsy8.tfm
Requested font "cmsy6" at 6.0pt
 -> /usr/local/texlive/2022/texmf-dist/fonts/tfm/public/cm/cmsy6.tfm
Requested font "cmex8" at 8.0pt
 -> /usr/local/texlive/2022/texmf-dist/fonts/tfm/public/amsfonts/cmextra/cmex8.
tfm
Requested font "cmex7" at 6.0pt
 -> /usr/local/texlive/2022/texmf-dist/fonts/tfm/public/amsfonts/cmextra/cmex7.
tfm
Requested font "msam10" at 8.0pt
 -> /usr/local/texlive/2022/texmf-dist/fonts/tfm/public/amsfonts/symbols/msam10
.tfm
Requested font "msam7" at 6.0pt
 -> /usr/local/texlive/2022/texmf-dist/fonts/tfm/public/amsfonts/symbols/msam7.
tfm
Requested font "msbm10" at 8.0pt
 -> /usr/local/texlive/2022/texmf-dist/fonts/tfm/public/amsfonts/symbols/msbm10
.tfm
Requested font "msbm7" at 6.0pt
 -> /usr/local/texlive/2022/texmf-dist/fonts/tfm/public/amsfonts/symbols/msbm7.
tfm
Requested font "cmr8" at 8.0pt
 -> /usr/local/texlive/2022/texmf-dist/fonts/tfm/public/cm/cmr8.tfm
Requested font "cmr6" at 6.0pt
 -> /usr/local/texlive/2022/texmf-dist/fonts/tfm/public/cm/cmr6.tfm
LaTeX Font Info:    Font shape `TU/RobotoCondensed(0)/m/n' will be
(Font)              scaled to size 6.0pt on input line 393.
Requested font "[RobotoCondensed-Regular.otf]/OT:script=latn;language=dflt;+pnu
m;+lnum;mapping=tex-text;" at 6.0pt
 -> /usr/local/texlive/2022/texmf-dist/fonts/opentype/google/roboto/RobotoConde
nsed-Regular.otf
LaTeX Font Info:    Font shape `TU/RobotoCondensed(0)/m/n' will be
(Font)              scaled to size 5.0pt on input line 393.
Requested font "[RobotoCondensed-Regular.otf]/OT:script=latn;language=dflt;+pnu
m;+lnum;mapping=tex-text;" at 5.0pt
 -> /usr/local/texlive/2022/texmf-dist/fonts/opentype/google/roboto/RobotoConde
nsed-Regular.otf
LaTeX Font Info:    Font shape `TU/RobotoCondensed(0)/m/it' will be
(Font)              scaled to size 10.0pt on input line 393.
Requested font "[RobotoCondensed-Italic.otf]/OT:script=latn;language=dflt;+pnum
;+lnum;mapping=tex-text;" at 10.0pt
 -> /usr/local/texlive/2022/texmf-dist/fonts/opentype/google/roboto/RobotoConde
nsed-Italic.otf

LaTeX Warning: Marginpar on page 2 moved.

Requested font "[lmmono10-regular]:" at 10.0pt
 -> /usr/local/texlive/2022/texmf-dist/fonts/opentype/public/lm/lmmono10-regula
r.otf

Package fontspec Info: Font family 'RobotoCondensed(9)' created for font
(fontspec)             'RobotoCondensed' with options [Ligatures = TeX,Scale =
(fontspec)             1,Extension = .otf,Ligatures=TeX,Numbers =
(fontspec)             {Proportional,Lining},UprightFont =
(fontspec)             *-Regular,ItalicFont = *-Italic,BoldFont =
(fontspec)             *-Bold,BoldItalicFont = *-BoldItalic,LetterSpace=10].
(fontspec)              
(fontspec)              This font family consists of the following NFSS
(fontspec)             series/shapes:
(fontspec)              
(fontspec)             - 'normal' (m/n) with NFSS spec.:
(fontspec)             <->s*[1]"[RobotoCondensed-Regular.otf]/OT:script=latn;la
nguage=dflt;letterspace=10;+pnum;+lnum;mapping=tex-text;"
(fontspec)             - 'small caps'  (m/sc) with NFSS spec.:
(fontspec)             <->s*[1]"[RobotoCondensed-Regular.otf]/OT:script=latn;la
nguage=dflt;letterspace=10;+pnum;+lnum;+smcp;mapping=tex-text;"
(fontspec)             - 'bold' (b/n) with NFSS spec.:
(fontspec)             <->s*[1]"[RobotoCondensed-Bold.otf]/OT:script=latn;langu
age=dflt;letterspace=10;+pnum;+lnum;mapping=tex-text;"
(fontspec)             - 'bold small caps'  (b/sc) with NFSS spec.:
(fontspec)             <->s*[1]"[RobotoCondensed-Bold.otf]/OT:script=latn;langu
age=dflt;letterspace=10;+pnum;+lnum;+smcp;mapping=tex-text;"
(fontspec)             - 'italic' (m/it) with NFSS spec.:
(fontspec)             <->s*[1]"[RobotoCondensed-Italic.otf]/OT:script=latn;lan
guage=dflt;letterspace=10;+pnum;+lnum;mapping=tex-text;"
(fontspec)             - 'italic small caps'  (m/scit) with NFSS spec.:
(fontspec)             <->s*[1]"[RobotoCondensed-Italic.otf]/OT:script=latn;lan
guage=dflt;letterspace=10;+pnum;+lnum;+smcp;mapping=tex-text;"
(fontspec)             - 'bold italic' (b/it) with NFSS spec.:
(fontspec)             <->s*[1]"[RobotoCondensed-BoldItalic.otf]/OT:script=latn
;language=dflt;letterspace=10;+pnum;+lnum;mapping=tex-text;"
(fontspec)             - 'bold italic small caps'  (b/scit) with NFSS spec.:
(fontspec)             <->s*[1]"[RobotoCondensed-BoldItalic.otf]/OT:script=latn
;language=dflt;letterspace=10;+pnum;+lnum;+smcp;mapping=tex-text;"

LaTeX Font Info:    Font shape `TU/RobotoCondensed(9)/m/n' will be
(Font)              scaled to size 10.0pt on input line 417.
Requested font "[RobotoCondensed-Regular.otf]/OT:script=latn;language=dflt;lett
erspace=10;+pnum;+lnum;mapping=tex-text;" at 10.0pt
 -> /usr/local/texlive/2022/texmf-dist/fonts/opentype/google/roboto/RobotoConde
nsed-Regular.otf
LaTeX Font Info:    Font shape `TU/RobotoCondensed(9)/m/sc' will be
(Font)              scaled to size 10.0pt on input line 417.
Requested font "[RobotoCondensed-Regular.otf]/OT:script=latn;language=dflt;lett
erspace=10;+pnum;+lnum;+smcp;mapping=tex-text;" at 10.0pt
 -> /usr/local/texlive/2022/texmf-dist/fonts/opentype/google/roboto/RobotoConde
nsed-Regular.otf
[2]
Requested font "[lmmono10-italic]:" at 10.0pt
 -> /usr/local/texlive/2022/texmf-dist/fonts/opentype/public/lm/lmmono10-italic
.otf
[3]
Requested font "[lmmono8-regular]:" at 8.0pt
 -> /usr/local/texlive/2022/texmf-dist/fonts/opentype/public/lm/lmmono8-regular
.otf

LaTeX Warning: Marginpar on page 4 moved.

[4]

LaTeX Warning: Marginpar on page 5 moved.


LaTeX Warning: Marginpar on page 5 moved.


LaTeX Warning: Marginpar on page 5 moved.

File: ../figures/installR.jpg Graphic file (type bmp)
<../figures/installR.jpg>

LaTeX Warning: Marginpar on page 5 moved.

[5]
File: ../figures/installR2.jpg Graphic file (type bmp)
<../figures/installR2.jpg>

Overfull \hbox (114.78865pt too wide) in paragraph at lines 528--528
 [] 
 []


LaTeX Warning: Marginpar on page 6 moved.

[6]
File: ../figures/rstudio-workbench.png Graphic file (type bmp)
<../figures/rstudio-workbench.png>

Overfull \hbox (114.78683pt too wide) in paragraph at lines 559--559
 [] 
 []

[7]

LaTeX Warning: Marginpar on page 8 moved.

File: ../figures/installRStudio1.png Graphic file (type bmp)
<../figures/installRStudio1.png>
File: ../figures/installRStudio2.png Graphic file (type bmp)
<../figures/installRStudio2.png>
[8] [9]
File: ../figures/RStudioOptions.png Graphic file (type bmp)
<../figures/RStudioOptions.png>
File: ../figures/tip.png Graphic file (type bmp)
<../figures/tip.png>

Underfull \hbox (badness 10000) in paragraph at lines 612--613
[]              \TU/RobotoCondensed(0)/m/n/10 Consider the figure below (adapte
d from Roger Pengs Lecture on the Data Science Pipeline:
 []


Underfull \hbox (badness 10000) in paragraph at lines 612--613
[][]$[][][][][] [] [] [] [][][] [] [][] [] [][][][][][][]$[][]\TU/RobotoCondens
ed(0)/m/n/10 ) that shows the general process from raw data to scientific resul
ts. The ob-
 []


Underfull \hbox (badness 10000) in paragraph at lines 612--613
\TU/RobotoCondensed(0)/m/n/10 jective in creating a reproducible pipeline is 
to simplify the analytic process so that one can execute a few
 []


Underfull \hbox (badness 10000) in paragraph at lines 614--615
[]\TU/RobotoCondensed(0)/m/n/10 For example, we might write a shell script (.sh
 file) that runs three programs in R: the processing code, the
 []


Underfull \hbox (badness 10000) in paragraph at lines 614--615
\TU/RobotoCondensed(0)/m/n/10 analytic code, and the presentation code (all .R 
files). Collectively, these files carry out all the analyses we
 []


Underfull \hbox (badness 10000) in paragraph at lines 616--617
[]\TU/RobotoCondensed(0)/m/n/10 One key consideration in this data science pipe
line framework is that the focus is on the source code, and
 []


Underfull \hbox (badness 10000) in paragraph at lines 616--617
\TU/RobotoCondensed(0)/m/n/10 less so on the output from this code. For example
, in fitting a generalized linear model, we would not be par-
 []


Underfull \hbox (badness 10000) in paragraph at lines 616--617
\TU/RobotoCondensed(0)/m/n/10 ticularly interested in the fit of this model, bu
t rather the code that fits this model to the data, the code that
 []


Underfull \hbox (badness 10000) in paragraph at lines 616--617
\TU/RobotoCondensed(0)/m/n/10 generates the analytic data, and the code that ta
kes the model output, and generates tables, figures, and other
 []


Underfull \hbox (badness 10000) in paragraph at lines 616--617
\TU/RobotoCondensed(0)/m/n/10 results for reporting to the scientific community
. This, in essence, is one of the basic ideas behind the data
 []

[10]
File: ../figures/2022_09_20-reproducibility.pdf Graphic file (type pdf)
<use ../figures/2022_09_20-reproducibility.pdf>
(./1.-InstallingR_RStudio.bbl
Underfull \hbox (badness 1565) in paragraph at lines 9--12
[]\TU/RobotoCondensed(0)/m/n/10 Roger D Peng.  \TU/RobotoCondensed(0)/m/it/10 R
 Programming for Data Science\TU/RobotoCondensed(0)/m/n/10 .  Leanpub, 
 []

) [11] (./1.-InstallingR_RStudio.aux) ) 
Here is how much of TeX's memory you used:
 31720 strings out of 476179
 670203 string characters out of 5809544
 1034696 words of memory out of 5000000
 51817 multiletter control sequences out of 15000+600000
 475189 words of font info for 95 fonts, out of 8000000 for 9000
 1348 hyphenation exceptions out of 8191
 108i,12n,112p,639b,685s stack positions out of 10000i,1000n,20000p,200000b,200000s

Output written on 1.-InstallingR_RStudio.pdf (11 pages).
